0 info it worked if it ends with ok
1 verbose cli [ 'E:\\nodejs\\\\node.exe',
1 verbose cli   'E:\\nodejs\\node_modules\\npm\\bin\\npm-cli.js',
1 verbose cli   'install',
1 verbose cli   'nodemaile',
1 verbose cli   '--save' ]
2 info using npm@1.4.28
3 info using node@v0.10.32
4 verbose node symlink E:\nodejs\\node.exe
5 verbose readDependencies using package.json deps
6 verbose cache add [ 'nodemaile', null ]
7 verbose cache add name=undefined spec="nodemaile" args=["nodemaile",null]
8 verbose parsed url { protocol: null,
8 verbose parsed url   slashes: null,
8 verbose parsed url   auth: null,
8 verbose parsed url   host: null,
8 verbose parsed url   port: null,
8 verbose parsed url   hostname: null,
8 verbose parsed url   hash: null,
8 verbose parsed url   search: null,
8 verbose parsed url   query: null,
8 verbose parsed url   pathname: 'nodemaile',
8 verbose parsed url   path: 'nodemaile',
8 verbose parsed url   href: 'nodemaile' }
9 silly lockFile 1e234d67-nodemaile nodemaile
10 verbose lock nodemaile C:\Users\pengfeng\AppData\Roaming\npm-cache\1e234d67-nodemaile.lock
11 silly lockFile 1e234d67-nodemaile nodemaile
12 silly lockFile 1e234d67-nodemaile nodemaile
13 verbose addNamed [ 'nodemaile', '' ]
14 verbose addNamed [ null, '*' ]
15 silly lockFile df9c4e8b-nodemaile nodemaile@
16 verbose lock nodemaile@ C:\Users\pengfeng\AppData\Roaming\npm-cache\df9c4e8b-nodemaile.lock
17 silly addNameRange { name: 'nodemaile', range: '*', hasData: false }
18 verbose request where is /nodemaile
19 verbose request registry https://registry.npmjs.org/
20 verbose request id 07b6cefab1ccb217
21 verbose url raw /nodemaile
22 verbose url resolving [ 'https://registry.npmjs.org/', './nodemaile' ]
23 verbose url resolved https://registry.npmjs.org/nodemaile
24 verbose request where is https://registry.npmjs.org/nodemaile
25 info trying registry request attempt 1 at 10:50:44
26 http GET https://registry.npmjs.org/nodemaile
27 http 404 https://registry.npmjs.org/nodemaile
28 verbose headers { date: 'Sat, 01 Nov 2014 02:50:22 GMT',
28 verbose headers   server: 'CouchDB/1.5.0 (Erlang OTP/R16B03)',
28 verbose headers   'content-type': 'application/json',
28 verbose headers   'cache-control': 'max-age=0',
28 verbose headers   'content-length': '52',
28 verbose headers   'accept-ranges': 'bytes',
28 verbose headers   via: '1.1 varnish',
28 verbose headers   age: '0',
28 verbose headers   'x-served-by': 'cache-ty66-TYO',
28 verbose headers   'x-cache': 'MISS',
28 verbose headers   'x-cache-hits': '0',
28 verbose headers   'x-timer': 'S1414810221.934117,VS0,VE129',
28 verbose headers   'keep-alive': 'timeout=10, max=50',
28 verbose headers   connection: 'Keep-Alive' }
29 silly registry.get cb [ 404,
29 silly registry.get   { date: 'Sat, 01 Nov 2014 02:50:22 GMT',
29 silly registry.get     server: 'CouchDB/1.5.0 (Erlang OTP/R16B03)',
29 silly registry.get     'content-type': 'application/json',
29 silly registry.get     'cache-control': 'max-age=0',
29 silly registry.get     'content-length': '52',
29 silly registry.get     'accept-ranges': 'bytes',
29 silly registry.get     via: '1.1 varnish',
29 silly registry.get     age: '0',
29 silly registry.get     'x-served-by': 'cache-ty66-TYO',
29 silly registry.get     'x-cache': 'MISS',
29 silly registry.get     'x-cache-hits': '0',
29 silly registry.get     'x-timer': 'S1414810221.934117,VS0,VE129',
29 silly registry.get     'keep-alive': 'timeout=10, max=50',
29 silly registry.get     connection: 'Keep-Alive' } ]
30 silly lockFile df9c4e8b-nodemaile nodemaile@
31 silly lockFile df9c4e8b-nodemaile nodemaile@
32 error 404 404 Not Found: nodemaile
32 error 404
32 error 404 'nodemaile' is not in the npm registry.
32 error 404 You should bug the author to publish it
32 error 404 It was specified as a dependency of 'application-name'
32 error 404
32 error 404 Note that you can also install from a
32 error 404 tarball, folder, or http url, or git url.
33 error System Windows_NT 6.1.7601
34 error command "E:\\nodejs\\\\node.exe" "E:\\nodejs\\node_modules\\npm\\bin\\npm-cli.js" "install" "nodemaile" "--save"
35 error cwd G:\git\nodejs-express-mongodb-website
36 error node -v v0.10.32
37 error npm -v 1.4.28
38 error code E404
39 verbose exit [ 1, true ]
