2014-11-3 23:28:6=>"send successful email: pengfeng91@163.com   Message sent: 250 2.0.0 Ok: queued as 53490A2E7D"
2014-11-3 23:28:6=>"send successful email: 592893997@qq.com   Message sent: 250 2.0.0 Ok: queued as 7C71CA2E7F"
2014-11-3 23:28:7=>"send successful email: 576707674@qq.com   Message sent: 250 2.0.0 Ok: queued as 44558A2E81"
2014-11-3 23:28:9=>"send successful email: 407103622@qq.com   Message sent: 250 2.0.0 Ok: queued as 10F42A2E7F"
2014-11-3 23:28:9=>"send successful email: 1009757271@qq.com   Message sent: 250 2.0.0 Ok: queued as 63552A2E7D"
2014-11-3 23:28:10=>"send successful email: 334143380@qq.com   Message sent: 250 2.0.0 Ok: queued as 09D87A2E81"
2014-11-3 23:28:11=>"send successful email: 541429188@qq.com   Message sent: 250 2.0.0 Ok: queued as 6C6C2A2E83"
2014-11-3 23:28:11=>"send successful email: 1752740458@qq.com   Message sent: 250 2.0.0 Ok: queued as 84B09A2E7F"
2014-11-3 23:28:12=>"send successful email: 77047807@qq.com   Message sent: 250 2.0.0 Ok: queued as 46416A2E7D"
2014-11-3 23:28:13=>"send successful email: 821185635@qq.com   Message sent: 250 2.0.0 Ok: queued as ED753A2E85"
2014-11-3 23:28:14=>"send successful email: 460885896@qq.com   Message sent: 250 2.0.0 Ok: queued as 10B0BA2E7D"
2014-11-3 23:28:16=>"send successful email: 747355029@qq.com   Message sent: 250 2.0.0 Ok: queued as CBDD7A2E7F"
2014-11-3 23:28:17=>"send successful email: 1439942@qq.com   Message sent: 250 2.0.0 Ok: queued as 8A555A2E7D"
2014-11-3 23:28:17=>"send successful email: 249648593@qq.com   Message sent: 250 2.0.0 Ok: queued as 5B1ECA2E81"
2014-11-3 23:28:19=>"send successful email: 838727591@qq.com   Message sent: 250 2.0.0 Ok: queued as 970F2A2E7F"
2014-11-3 23:28:20=>"send successful email: 200893152@qq.com   Message sent: 250 2.0.0 Ok: queued as CA773A2E7D"
2014-11-3 23:28:20=>"send successful email: 279895102@qq.com   Message sent: 250 2.0.0 Ok: queued as A8101A2E81"
2014-11-3 23:28:21=>"send successful email: 515352602@qq.com   Message sent: 250 2.0.0 Ok: queued as 1A2E0A2E83"
2014-11-3 23:28:22=>"send successful email: 739947563@qq.com   Message sent: 250 2.0.0 Ok: queued as 7E182A2E85"
2014-11-3 23:28:22=>"send successful email: 1028601656@qq.com   Message sent: 250 2.0.0 Ok: queued as 53F1AA2E87"
2014-11-3 23:28:23=>"send successful email: 372985842@qq.com   Message sent: 250 2.0.0 Ok: queued as ECFE4A2E7F"
2014-11-3 23:28:23=>"send successful email: 742155799@qq.com   Message sent: 250 2.0.0 Ok: queued as 5EE15A2E81"
2014-11-3 23:28:25=>"send successful email: 133321124@qq.com   Message sent: 250 2.0.0 Ok: queued as 37F21A2E7D"
2014-11-3 23:28:26=>"send successful email: 1156909429@qq.com   Message sent: 250 2.0.0 Ok: queued as 0D831A2E7F"
2014-11-3 23:28:26=>"send successful email: 42972018@qq.com   Message sent: 250 2.0.0 Ok: queued as D0DDEA2E7D"
2014-11-3 23:28:27=>"send successful email: 1220035860@qq.com   Message sent: 250 2.0.0 Ok: queued as 49EE0A2E7F"
2014-11-3 23:28:28=>"send successful email: 445453840@qq.com   Message sent: 250 2.0.0 Ok: queued as AD948A2E7D"
2014-11-3 23:28:28=>"send successful email: 1017576385@qq.com   Message sent: 250 2.0.0 Ok: queued as 76FADA2E7F"
2014-11-3 23:28:29=>"send successful email: 236541537@qq.com   Message sent: 250 2.0.0 Ok: queued as E16C9A2E7D"
2014-11-3 23:28:29=>"send successful email: 281471208@qq.com   Message sent: 250 2.0.0 Ok: queued as B5270A2E7F"
2014-11-3 23:28:30=>"send successful email: 659594935@qq.com   Message sent: 250 2.0.0 Ok: queued as 21C34A2E81"
2014-11-3 23:28:30=>"send successful email: 1006310689@qq.com   Message sent: 250 2.0.0 Ok: queued as 83DF7A2E83"
2014-11-3 23:28:31=>"send successful email: 335447942@qq.com   Message sent: 250 2.0.0 Ok: queued as EFB7EA2E81"
2014-11-3 23:28:31=>"send successful email: 1085601040@qq.com   Message sent: 250 2.0.0 Ok: queued as 6163EA2E83"
2014-11-3 23:28:32=>"send successful email: 545673779@qq.com   Message sent: 250 2.0.0 Ok: queued as 27C93A2E7F"
2014-11-3 23:28:33=>"send successful email: 1048874627@qq.com   Message sent: 250 2.0.0 Ok: queued as E4628A2E7D"
2014-11-3 23:28:33=>"send successful email: 251305651@qq.com   Message sent: 250 2.0.0 Ok: queued as A7738A2E7F"
2014-11-3 23:28:34=>"send successful email: 1529043963@qq.com   Message sent: 250 2.0.0 Ok: queued as 16557A2E7D"
2014-11-3 23:28:34=>"send successful email: 7972139@qq.com   Message sent: 250 2.0.0 Ok: queued as 786C6A2E7F"
2014-11-3 23:28:35=>"send successful email: 442694876@qq.com   Message sent: 250 2.0.0 Ok: queued as D9977A2E7D"
2014-11-3 23:28:36=>"send successful email: 740929761@qq.com   Message sent: 250 2.0.0 Ok: queued as A4A00A2E7F"
2014-11-3 23:28:37=>"send successful email: 2625517501@qq.com   Message sent: 250 2.0.0 Ok: queued as C5832A2E7D"
2014-11-3 23:28:38=>"send successful email: 770216116@qq.com   Message sent: 250 2.0.0 Ok: queued as 9A29AA2E7F"
2014-11-3 23:28:39=>"send successful email: 605333019@qq.com   Message sent: 250 2.0.0 Ok: queued as B9D94A2E7D"
2014-11-3 23:28:40=>"send successful email: 1625957036@qq.com   Message sent: 250 2.0.0 Ok: queued as AD3A0A2E7F"
2014-11-3 23:28:40=>"send successful email: 764743381@qq.com   Message sent: 250 2.0.0 Ok: queued as 7CD42A2E7D"
2014-11-3 23:28:41=>"send successful email: 228558064@qq.com   Message sent: 250 2.0.0 Ok: queued as 4F707A2E81"
2014-11-3 23:28:42=>"send successful email: 1604454066@qq.com   Message sent: 250 2.0.0 Ok: queued as 22BD9A2E7D"
2014-11-3 23:28:44=>"send successful email: 1184099655@qq.com   Message sent: 250 2.0.0 Ok: queued as 3D969A2E7F"
2014-11-3 23:28:44=>"send successful email: 2994125762@qq.com   Message sent: 250 2.0.0 Ok: queued as 5D2B0A2E7D"
2014-11-3 23:28:45=>"send successful email: 153213434@qq.com   Message sent: 250 2.0.0 Ok: queued as 2D7E6A2E81"
2014-11-3 23:28:46=>"send successful email: 1119807768@qq.com   Message sent: 250 2.0.0 Ok: queued as 4BA6DA2E7D"
2014-11-3 23:28:48=>"send successful email: 960094529@qq.com   Message sent: 250 2.0.0 Ok: queued as 620FBA2E7D"
2014-11-3 23:28:50=>"send successful email: 1039887763@qq.com   Message sent: 250 2.0.0 Ok: queued as DE494A2E81"
2014-11-3 23:28:53=>"send successful email: 659332257@qq.com   Message sent: 250 2.0.0 Ok: queued as 41A5FA2E7D"
2014-11-3 23:28:54=>"send successful email: 775663517@qq.com   Message sent: 250 2.0.0 Ok: queued as D3C15A2E7F"
2014-11-3 23:28:55=>"send successful email: 1422638119@qq.com   Message sent: 250 2.0.0 Ok: queued as 7C616A2E7D"
2014-11-3 23:28:55=>"send successful email: 1422638119@qq.com   Message sent: 250 2.0.0 Ok: queued as 63C34A2E7F"
2014-11-3 23:28:56=>"send successful email: 503756754@qq.com   Message sent: 250 2.0.0 Ok: queued as 36C66A2E7D"
2014-11-3 23:28:57=>"send successful email: 597144911@qq.com   Message sent: 250 2.0.0 Ok: queued as 0BE0BA2E7F"
2014-11-3 23:28:58=>"send successful email: 2517454948@qq.com   Message sent: 250 2.0.0 Ok: queued as CED70A2E7D"
2014-11-3 23:28:59=>"send successful email: 1129994610@qq.com   Message sent: 250 2.0.0 Ok: queued as AC688A2E7D"
2014-11-3 23:28:59=>"send successful email: 532105719@qq.com   Message sent: 250 2.0.0 Ok: queued as 7EEB4A2E7F"
2014-11-3 23:29:0=>"send successful email: 543959078@qq.com   Message sent: 250 2.0.0 Ok: queued as 248BBA2E7D"
2014-11-3 23:29:1=>"send successful email: 254079272@qq.com   Message sent: 250 2.0.0 Ok: queued as 8C3E1A2E7F"
2014-11-3 23:29:1=>"send successful email: 657585700@qq.com   Message sent: 250 2.0.0 Ok: queued as 57D2CA2E7D"
2014-11-3 23:29:2=>"send successful email: 1005907874@qq.com   Message sent: 250 2.0.0 Ok: queued as 03D06A2E7F"
2014-11-3 23:29:2=>"send successful email: 845047333@qq.com   Message sent: 250 2.0.0 Ok: queued as 6812AA2E7D"
2014-11-3 23:29:2=>"send successful email: 214130497@qq.com   Message sent: 250 2.0.0 Ok: queued as CA32EA2E7F"
2014-11-3 23:29:3=>"send successful email: 312071359@qq.com   Message sent: 250 2.0.0 Ok: queued as 3BAC6A2E7D"
2014-11-3 23:29:3=>"send successful email: 776965958@qq.com   Message sent: 250 2.0.0 Ok: queued as D6DC6A2E7F"
2014-11-3 23:29:4=>"send successful email: 515445278@qq.com   Message sent: 250 2.0.0 Ok: queued as 454B5A2E7D"
2014-11-3 23:29:5=>"send successful email: 649369134@qq.com   Message sent: 250 2.0.0 Ok: queued as AB369A2E7F"
2014-11-3 23:29:6=>"send successful email: 63385981@qq.com   Message sent: 250 2.0.0 Ok: queued as CF58DA2E7D"
2014-11-3 23:29:6=>"send successful email: 813880992@qq.com   Message sent: 250 2.0.0 Ok: queued as 9919CA2E7F"
2014-11-3 23:29:7=>"send successful email: 593192162@qq.com   Message sent: 250 2.0.0 Ok: queued as 464C5A2E7D"
2014-11-3 23:29:8=>"send successful email: 316990218@qq.com   Message sent: 250 2.0.0 Ok: queued as 0B86BA2E7F"
2014-11-3 23:29:10=>"send successful email: 84251075@qq.com   Message sent: 250 2.0.0 Ok: queued as D8178A2E81"
2014-11-3 23:29:11=>"send successful email: 592215756@qq.com   Message sent: 250 2.0.0 Ok: queued as 97AE3A2E7D"
2014-11-3 23:29:12=>"send successful email: 574388726@qq.com   Message sent: 250 2.0.0 Ok: queued as 6B2D0A2E7F"
2014-11-3 23:29:13=>"send successful email: 363495867@qq.com   Message sent: 250 2.0.0 Ok: queued as 8A391A2E7D"
2014-11-3 23:29:16=>"send successful email: 1663233831@qq.com   Message sent: 250 2.0.0 Ok: queued as 5AB7CA2E7F"
2014-11-3 23:29:16=>"send successful email: 1162245539@qq.com   Message sent: 250 2.0.0 Ok: queued as 593A3A2E7D"
2014-11-3 23:29:18=>"send successful email: 403613260@qq.com   Message sent: 250 2.0.0 Ok: queued as 248EEA2E7F"
2014-11-3 23:29:19=>"send successful email: 930282440@qq.com   Message sent: 250 2.0.0 Ok: queued as 82C59A2E7D"
2014-11-3 23:29:20=>"send successful email: 371434952@qq.com   Message sent: 250 2.0.0 Ok: queued as EE8D2A2E7F"
2014-11-3 23:29:25=>"send successful email: 303628614@qq.com   Message sent: 250 2.0.0 Ok: queued as BA35DA2E7D"
2014-11-3 23:29:25=>"send successful email: 302958272@qq.com   Message sent: 250 2.0.0 Ok: queued as 802FDA2E7F"
2014-11-3 23:29:26=>"send successful email: 114705150@qq.com   Message sent: 250 2.0.0 Ok: queued as 47258A2E81"
2014-11-3 23:29:27=>"send successful email: 670496650@qq.com   Message sent: 250 2.0.0 Ok: queued as 0CEF3A2E83"
2014-11-3 23:29:28=>"send successful email: 784461347@qq.com   Message sent: 250 2.0.0 Ok: queued as C65B1A2E7D"
2014-11-3 23:29:28=>"send successful email: 1648785406@qq.com   Message sent: 250 2.0.0 Ok: queued as 8F620A2E7F"
2014-11-3 23:29:29=>"send successful email: 985528771@qq.com   Message sent: 250 2.0.0 Ok: queued as 01A2AA2E81"
2014-11-3 23:29:29=>"send successful email: 535164842@qq.com   Message sent: 250 2.0.0 Ok: queued as 66C64A2E7D"
2014-11-3 23:29:30=>"send successful email: 23429328@qq.com   Message sent: 250 2.0.0 Ok: queued as 2FD07A2E7F"
2014-11-3 23:29:31=>"send successful email: 156572907@qq.com   Message sent: 250 2.0.0 Ok: queued as 4F552A2E7D"
2014-11-3 23:29:32=>"send successful email: 497103900@qq.com   Message sent: 250 2.0.0 Ok: queued as 2F681A2E7F"
2014-11-3 23:29:33=>"send successful email: 704997310@qq.com   Message sent: 250 2.0.0 Ok: queued as E991DA2E7D"
2014-11-3 23:29:33=>"send successful email: 408952272@qq.com   Message sent: 250 2.0.0 Ok: queued as 5C704A2E7F"
2014-11-3 23:29:34=>"send successful email: 461160118@qq.com   Message sent: 250 2.0.0 Ok: queued as CBBD0A2E7D"
2014-11-3 23:29:34=>"send successful email: 122855854@qq.com   Message sent: 250 2.0.0 Ok: queued as 7BBA5A2E7F"
2014-11-3 23:29:36=>"send successful email: 260653334@qq.com   Message sent: 250 2.0.0 Ok: queued as 4F2B6A2E7D"
2014-11-3 23:29:37=>"send successful email: 1677612588@qq.com   Message sent: 250 2.0.0 Ok: queued as 27155A2E7F"
2014-11-3 23:29:38=>"send successful email: 1561019009@qq.com   Message sent: 250 2.0.0 Ok: queued as 42566A2E7D"
2014-11-3 23:29:39=>"send successful email: 727746923@qq.com   Message sent: 250 2.0.0 Ok: queued as 23320A2E7F"
2014-11-3 23:29:41=>"send successful email: 330793028@qq.com   Message sent: 250 2.0.0 Ok: queued as 3D565A2E7D"
2014-11-3 23:29:42=>"send successful email: 47880653@qq.com   Message sent: 250 2.0.0 Ok: queued as 61E5BA2E7F"
2014-11-3 23:29:42=>"send successful email: 949744424@qq.com   Message sent: 250 2.0.0 Ok: queued as 8A29BA2E7D"
2014-11-3 23:29:43=>"send successful email: 375003431@qq.com   Message sent: 250 2.0.0 Ok: queued as F05CDA2E81"
2014-11-3 23:29:46=>"send successful email: 229025791@qq.com   Message sent: 250 2.0.0 Ok: queued as B876AA2E7D"
2014-11-3 23:29:47=>"send successful email: 709135851@qq.com   Message sent: 250 2.0.0 Ok: queued as AD504A2E7F"
2014-11-3 23:29:48=>"send successful email: 445794359@qq.com   Message sent: 250 2.0.0 Ok: queued as 1D4B1A2E7D"
2014-11-3 23:29:49=>"send successful email: 1975906842@qq.com   Message sent: 250 2.0.0 Ok: queued as F0FF7A2E7F"
2014-11-3 23:29:50=>"send successful email: 827135582@qq.com   Message sent: 250 2.0.0 Ok: queued as B1EB2A2E7D"
2014-11-3 23:29:50=>"send successful email: 1371043600@qq.com   Message sent: 250 2.0.0 Ok: queued as 87555A2E7F"
2014-11-3 23:29:52=>"send successful email: 1683200646@qq.com   Message sent: 250 2.0.0 Ok: queued as EB1B0A2E7D"
2014-11-3 23:29:52=>"send successful email: 452894363@qq.coms   Message sent: 250 2.0.0 Ok: queued as 5BC9BA2E7F"
2014-11-3 23:29:53=>"send successful email: 821626497@qq.com   Message sent: 250 2.0.0 Ok: queued as 2A423A2E7D"
2014-11-3 23:29:54=>"send successful email: 759627203@qq.com   Message sent: 250 2.0.0 Ok: queued as E55FEA2E7F"
2014-11-3 23:29:56=>"send successful email: 1807126056@qq.com   Message sent: 250 2.0.0 Ok: queued as 8E189A2E7D"
2014-11-3 23:29:57=>"send successful email: 309548144@qq.com   Message sent: 250 2.0.0 Ok: queued as EE0C2A2E7D"
2014-11-3 23:29:59=>"send successful email: 1010485434@qq.com   Message sent: 250 2.0.0 Ok: queued as 8FFF9A2E7D"
2014-11-3 23:30:1=>"send successful email: 280864472@qq.com   Message sent: 250 2.0.0 Ok: queued as 0D156A2E7D"
2014-11-3 23:30:2=>"send successful email: 1780018953@qq.com   Message sent: 250 2.0.0 Ok: queued as 70A0AA2E7F"
2014-11-3 23:30:2=>"send successful email: 1369547848@qq.com   Message sent: 250 2.0.0 Ok: queued as DC7BAA2E7D"
2014-11-3 23:30:3=>"send successful email: 348274387@qq.com   Message sent: 250 2.0.0 Ok: queued as 4B960A2E7F"
2014-11-3 23:30:4=>"send successful email: 805720883@qq.com   Message sent: 250 2.0.0 Ok: queued as 5B817A2E7D"
2014-11-3 23:30:5=>"send successful email: 303556099@qq.com   Message sent: 250 2.0.0 Ok: queued as 392D7A2E7F"
2014-11-3 23:30:8=>"send successful email: 2830802169@qq.com   Message sent: 250 2.0.0 Ok: queued as 004CAA2E7D"
2014-11-3 23:30:9=>"send successful email: 185062853@qq.com   Message sent: 250 2.0.0 Ok: queued as 8F676A2E7F"
2014-11-3 23:30:9=>"send successful email: 1053777107@qq.com   Message sent: 250 2.0.0 Ok: queued as 618E2A2E7D"
2014-11-3 23:30:10=>"send successful email: 1689697741@qq.com   Message sent: 250 2.0.0 Ok: queued as 36943A2E7F"
2014-11-3 23:30:11=>"send successful email: 328172816@qq.com   Message sent: 250 2.0.0 Ok: queued as 06117A2E7D"
2014-11-3 23:30:13=>"send successful email: 360993627@qq.com   Message sent: 250 2.0.0 Ok: queued as 2B262A2E7F"
2014-11-3 23:30:13=>"send successful email: 1614327180@qq.com   Message sent: 250 2.0.0 Ok: queued as E03FAA2E7D"
2014-11-3 23:30:14=>"send successful email: 1340416064@qq.com   Message sent: 250 2.0.0 Ok: queued as 506D0A2E81"
2014-11-3 23:30:15=>"send successful email: 953986360@qq.com   Message sent: 250 2.0.0 Ok: queued as 22634A2E7D"
2014-11-3 23:30:16=>"send successful email: 254981772@qq.com   Message sent: 250 2.0.0 Ok: queued as E45A4A2E7F"
2014-11-3 23:30:16=>"send successful email: 781354706@qq.com   Message sent: 250 2.0.0 Ok: queued as 7F369A2E7D"
2014-11-3 23:30:19=>"send successful email: 1214089636@qq.com   Message sent: 250 2.0.0 Ok: queued as 2C6FAA2E7F"
2014-11-3 23:30:20=>"send successful email: 807189752@qq.com   Message sent: 250 2.0.0 Ok: queued as CEE4EA2E7D"
2014-11-3 23:30:20=>"send successful email: 381625396@qq.com   Message sent: 250 2.0.0 Ok: queued as BA78BA2E7F"
2014-11-3 23:30:22=>"send successful email: 519085583@qq.com   Message sent: 250 2.0.0 Ok: queued as 4A7BBA2E7D"
2014-11-3 23:30:24=>"send successful email: 664993759@qq.com   Message sent: 250 2.0.0 Ok: queued as 3AB2AA2E7F"
2014-11-3 23:30:24=>"send successful email: 693060380@qq.com   Message sent: 250 2.0.0 Ok: queued as 5C1CEA2E7D"
2014-11-3 23:30:26=>"send successful email: 514338561@qq.com   Message sent: 250 2.0.0 Ok: queued as 4232EA2E7F"
2014-11-3 23:30:27=>"send successful email: 1262284946@qq.com   Message sent: 250 2.0.0 Ok: queued as AB7D4A2E7D"
2014-11-3 23:30:27=>"send successful email: 576707674@qq.com   Message sent: 250 2.0.0 Ok: queued as 746ECA2E7F"
2014-11-3 23:30:28=>"send successful email: 263687108@qq.com   Message sent: 250 2.0.0 Ok: queued as D6806A2E85"
2014-11-3 23:30:31=>"send successful email: 1762466436@qq.com   Message sent: 250 2.0.0 Ok: queued as 9BA88A2E7D"
2014-11-3 23:30:33=>"send successful email: 77047807@qq.com   Message sent: 250 2.0.0 Ok: queued as 12F75A2E7F"
2014-11-3 23:30:34=>"send successful email: 453877368@qq.com   Message sent: 250 2.0.0 Ok: queued as BF5BDA2E7D"
2014-11-3 23:30:35=>"send successful email: 640826927@qq.com   Message sent: 250 2.0.0 Ok: queued as E2397A2E7F"
2014-11-3 23:30:36=>"send successful email: 424421899@qq.com   Message sent: 250 2.0.0 Ok: queued as B1EE1A2E7D"
2014-11-3 23:30:36=>"send successful email: 747355029@qq.com   Message sent: 250 2.0.0 Ok: queued as 890FEA2E7F"
2014-11-3 23:30:38=>"send successful email: 200893152@qq.com   Message sent: 250 2.0.0 Ok: queued as 50057A2E7D"
2014-11-3 23:30:39=>"send successful email: 279895102@qq.com   Message sent: 250 2.0.0 Ok: queued as 862FBA2E7F"
2014-11-3 23:30:39=>"send successful email: 547391493@qq.com   Message sent: 250 2.0.0 Ok: queued as 54823A2E7D"
2014-11-3 23:30:42=>"send successful email: 1028601656@qq.com   Message sent: 250 2.0.0 Ok: queued as 21E9EA2E7F"
2014-11-3 23:30:43=>"send successful email: 372985842@qq.com   Message sent: 250 2.0.0 Ok: queued as B4C24A2E7D"
2014-11-3 23:30:44=>"send successful email: 348701701@qq.com   Message sent: 250 2.0.0 Ok: queued as E0F62A2E7F"
2014-11-3 23:30:45=>"send successful email: 793953355@qq.com   Message sent: 250 2.0.0 Ok: queued as 8BB9BA2E7D"
2014-11-3 23:30:46=>"send successful email: 133321124@qq.com   Message sent: 250 2.0.0 Ok: queued as E7497A2E7F"
2014-11-3 23:30:47=>"send successful email: 273663797@qq.com   Message sent: 250 2.0.0 Ok: queued as B05F0A2E7D"
2014-11-3 23:30:47=>"send successful email: 112865@qq.com   Message sent: 250 2.0.0 Ok: queued as 896CCA2E7F"
2014-11-3 23:30:48=>"send successful email: 390084787@qq.com   Message sent: 250 2.0.0 Ok: queued as 0C336A2E7D"
2014-11-3 23:30:49=>"send successful email: 2731879341@qq.com   Message sent: 250 2.0.0 Ok: queued as D1BEEA2E7F"
2014-11-3 23:30:50=>"send successful email: 329624030@qq.com   Message sent: 250 2.0.0 Ok: queued as ECE32A2E7D"
2014-11-3 23:30:51=>"send successful email: 1220035860@qq.com   Message sent: 250 2.0.0 Ok: queued as AFF41A2E7F"
2014-11-3 23:30:52=>"send successful email: 445453840@qq.com   Message sent: 250 2.0.0 Ok: queued as 58C70A2E7D"
2014-11-3 23:30:52=>"send successful email: 957630816@qq.com   Message sent: 250 2.0.0 Ok: queued as 81FA4A2E7F"
2014-11-3 23:30:53=>"send successful email: 1318564329@qq.com   Message sent: 250 2.0.0 Ok: queued as 42F9AA2E7D"
2014-11-3 23:30:54=>"send successful email: 393183086@qq.com   Message sent: 250 2.0.0 Ok: queued as A9031A2E81"
2014-11-3 23:30:54=>"send successful email: 2459957490@qq.com   Message sent: 250 2.0.0 Ok: queued as 7E05CA2E7D"
2014-11-3 23:30:55=>"send successful email: 737685370@qq.com   Message sent: 250 2.0.0 Ok: queued as E39B5A2E7D"
2014-11-3 23:30:58=>"send successful email: 702677938@qq.com   Message sent: 250 2.0.0 Ok: queued as D0276A2E7F"
2014-11-3 23:30:58=>"send successful email: 251305651@qq.com   Message sent: 250 2.0.0 Ok: queued as 7C2B1A2E7D"
2014-11-3 23:30:59=>"send successful email: 273812982@qq.com   Message sent: 250 2.0.0 Ok: queued as 42A05A2E7F"
2014-11-3 23:30:59=>"send successful email: 307459882@qq.com   Message sent: 250 2.0.0 Ok: queued as A7891A2E81"
2014-11-3 23:31:0=>"send successful email: 1609271980@qq.com   Message sent: 250 2.0.0 Ok: queued as 17CC2A2E83"
2014-11-3 23:31:1=>"send successful email: 1628552330@qq.com   Message sent: 250 2.0.0 Ok: queued as 7BCB5A2E85"
2014-11-3 23:31:1=>"send successful email: 3079866652@qq.com   Message sent: 250 2.0.0 Ok: queued as 58B0DA2E7D"
2014-11-3 23:31:1=>"send successful email: 2748003428@qq.com   Message sent: 250 2.0.0 Ok: queued as BF731A2E7F"
2014-11-3 23:31:3=>"send successful email: 862065299@qq.com   Message sent: 250 2.0.0 Ok: queued as 28757A2E7D"
2014-11-3 23:31:4=>"send successful email: 983218870@qq.com   Message sent: 250 2.0.0 Ok: queued as CDE37A2E7F"
2014-11-3 23:31:5=>"send successful email: 287215728@qq.com   Message sent: 250 2.0.0 Ok: queued as A9F3EA2E7D"
2014-11-3 23:31:6=>"send successful email: 33185342@qq.com   Message sent: 250 2.0.0 Ok: queued as BE9F1A2E7D"
2014-11-3 23:31:7=>"send successful email: 1129848962@qq.com   Message sent: 250 2.0.0 Ok: queued as 4ACF6A2E7D"
2014-11-3 23:31:10=>"send successful email: 303635506@qq.com   Message sent: 250 2.0.0 Ok: queued as 2E029A2E7D"
2014-11-3 23:31:11=>"send successful email: 303922877@qq.com   Message sent: 250 2.0.0 Ok: queued as 1B202A2E7F"
2014-11-3 23:31:12=>"send successful email: 2970411870@qq.com   Message sent: 250 2.0.0 Ok: queued as D5F1FA2E7D"
2014-11-3 23:31:12=>"send successful email: 1824356395@qq.com   Message sent: 250 2.0.0 Ok: queued as B215EA2E7F"
2014-11-3 23:31:13=>"send successful email: 396774286@qq.com   Message sent: 250 2.0.0 Ok: queued as 21D7CA2E7D"
2014-11-3 23:31:13=>"send successful email: 1293507781@qq.com   Message sent: 250 2.0.0 Ok: queued as D892DA2E7F"
2014-11-3 23:31:15=>"send successful email: 1003886503@qq.com   Message sent: 250 2.0.0 Ok: queued as 47719A2E7D"
2014-11-3 23:31:15=>"send successful email: 2512179109@qq.com   Message sent: 250 2.0.0 Ok: queued as 6A04CA2E7F"
2014-11-3 23:31:16=>"send successful email: 517238704@qq.com   Message sent: 250 2.0.0 Ok: queued as D075DA2E7D"
2014-11-3 23:31:16=>"send successful email: 396774286@qq.com   Message sent: 250 2.0.0 Ok: queued as 7C4CAA2E7F"
2014-11-3 23:31:17=>"send successful email: 1293507781@qq.com   Message sent: 250 2.0.0 Ok: queued as 4B369A2E7D"
2014-11-3 23:31:18=>"send successful email: 1003886503@qq.com   Message sent: 250 2.0.0 Ok: queued as E869BA2E7F"
2014-11-3 23:31:21=>"send successful email: 2512179109@qq.com   Message sent: 250 2.0.0 Ok: queued as ADBA7A2E7D"
2014-11-3 23:31:21=>"send successful email: 517238704@qq.com   Message sent: 250 2.0.0 Ok: queued as 5B721A2E7F"
2014-11-3 23:31:22=>"send successful email: 724172690@qq.com   Message sent: 250 2.0.0 Ok: queued as 41D28A2E7D"
2014-11-3 23:31:23=>"send successful email: 670676954@qq.com   Message sent: 250 2.0.0 Ok: queued as 1610BA2E7F"
2014-11-3 23:31:24=>"send successful email: 1973809139@qq.com   Message sent: 250 2.0.0 Ok: queued as D73EAA2E7D"
2014-11-3 23:31:25=>"send successful email: 734265952@qq.com   Message sent: 250 2.0.0 Ok: queued as ADB4CA2E7F"
2014-11-3 23:31:26=>"send successful email: 442015707@qq.com   Message sent: 250 2.0.0 Ok: queued as CD1E4A2E7D"
2014-11-3 23:31:28=>"send successful email: 1094636516@qq.com   Message sent: 250 2.0.0 Ok: queued as 691B7A2E7F"
2014-11-3 23:31:29=>"send successful email: 2355697766@qq.com   Message sent: 250 2.0.0 Ok: queued as 9FB17A2E7D"
2014-11-3 23:31:30=>"send successful email: 1030796958@qq.com   Message sent: 250 2.0.0 Ok: queued as 1F7ADA2E7F"
2014-11-3 23:31:31=>"send successful email: 1042231014@qq.com   Message sent: 250 2.0.0 Ok: queued as 8483CA2E7D"
2014-11-3 23:31:32=>"send successful email: 597144911@qq.com   Message sent: 250 2.0.0 Ok: queued as 58BE5A2E7F"
2014-11-3 23:31:32=>"send successful email: 839337158@qq.com   Message sent: 250 2.0.0 Ok: queued as 857B4A2E7D"
2014-11-3 23:31:33=>"send successful email: 1296786267@qq.com   Message sent: 250 2.0.0 Ok: queued as 47AF9A2E81"
2014-11-3 23:31:34=>"send successful email: 530298287@qq.com   Message sent: 250 2.0.0 Ok: queued as 14E14A2E7D"
2014-11-3 23:31:34=>"send successful email: 319164617@qq.com   Message sent: 250 2.0.0 Ok: queued as 78134A2E7F"
2014-11-3 23:31:35=>"send successful email: 390975079@qq.com   Message sent: 250 2.0.0 Ok: queued as 1EA64A2E7D"
2014-11-3 23:31:36=>"send successful email: 1714073478@qq.com   Message sent: 250 2.0.0 Ok: queued as D5097A2E7F"
2014-11-3 23:31:36=>"send successful email: 572212609@qq.com   Message sent: 250 2.0.0 Ok: queued as 9EEE3A2E7D"
2014-11-3 23:31:37=>"send successful email: 2317305603@qq.com   Message sent: 250 2.0.0 Ok: queued as 5D5F2A2E7D"
2014-11-3 23:31:38=>"send successful email: 1525408898@qq.com   Message sent: 250 2.0.0 Ok: queued as 2CA10A2E7F"
2014-11-3 23:31:39=>"send successful email: 839214506@qq.com   Message sent: 250 2.0.0 Ok: queued as 4ECFCA2E7D"
2014-11-3 23:31:40=>"send successful email: 420166343@qq.com   Message sent: 250 2.0.0 Ok: queued as AF35AA2E7F"
2014-11-3 23:31:46=>"send successful email: 420616389@qq.com   Message sent: 250 2.0.0 Ok: queued as 120C8A2E7D"
2014-11-3 23:31:49=>"send successful email: 1500227633@qq.com   Message sent: 250 2.0.0 Ok: queued as CD664A2E7F"
2014-11-3 23:31:50=>"send successful email: 936123496@qq.com   Message sent: 250 2.0.0 Ok: queued as B189CA2E7D"
2014-11-3 23:31:51=>"send successful email: 1099951454@qq.com   Message sent: 250 2.0.0 Ok: queued as 86085A2E7F"
2014-11-3 23:31:51=>"send successful email: 420269643@qq.com   Message sent: 250 2.0.0 Ok: queued as 6A8D2A2E7D"
2014-11-3 23:31:52=>"send successful email: 1456608804@qq.com   Message sent: 250 2.0.0 Ok: queued as D0BE3A2E7F"
2014-11-3 23:31:53=>"send successful email: 1035122936@qq.com   Message sent: 250 2.0.0 Ok: queued as F20A6A2E7D"
2014-11-3 23:31:53=>"send successful email: 723163883@qq.com   Message sent: 250 2.0.0 Ok: queued as 65C52A2E7F"
2014-11-3 23:31:55=>"send successful email: 2209515895@qq.com   Message sent: 250 2.0.0 Ok: queued as 34262A2E7D"
2014-11-3 23:31:56=>"send successful email: 2073374800@qq.com   Message sent: 250 2.0.0 Ok: queued as ABB2BA2E7F"
2014-11-3 23:31:59=>"send successful email: 351153325@qq.com   Message sent: 250 2.0.0 Ok: queued as 7C03AA2E7D"
2014-11-3 23:31:59=>"send successful email: 354974205@qq.com   Message sent: 250 2.0.0 Ok: queued as 7FDB1A2E7F"
2014-11-3 23:32:0=>"send successful email: 1215509206@qq.com   Message sent: 250 2.0.0 Ok: queued as 35CAFA2E7D"
2014-11-3 23:32:1=>"send successful email: 544902954@qq.com   Message sent: 250 2.0.0 Ok: queued as F1C79A2E7F"
2014-11-3 23:32:2=>"send successful email: 303820774@qq.com   Message sent: 250 2.0.0 Ok: queued as C3771A2E7D"
2014-11-3 23:32:3=>"send successful email: 2480718590@qq.com   Message sent: 250 2.0.0 Ok: queued as 9EA99A2E7F"
2014-11-3 23:32:4=>"send successful email: 1070456941@qq.com   Message sent: 250 2.0.0 Ok: queued as 8E8B6A2E7D"
2014-11-3 23:32:4=>"send successful email: 410024345@qq.com   Message sent: 250 2.0.0 Ok: queued as 5ED87A2E7F"
2014-11-3 23:32:4=>"send successful email: 573879863@qq.com   Message sent: 250 2.0.0 Ok: queued as BDA27A2E7D"
2014-11-3 23:32:5=>"send successful email: 2042098170@qq.com   Message sent: 250 2.0.0 Ok: queued as 2FA03A2E7F"
2014-11-3 23:32:6=>"send successful email: 2242527347@qq.com   Message sent: 250 2.0.0 Ok: queued as 07B5AA2E7D"
2014-11-3 23:32:11=>"send successful email: 2193976017@qq.com   Message sent: 250 2.0.0 Ok: queued as 34403A2E7D"
2014-11-3 23:32:12=>"send successful email: 1135825816@qq.com   Message sent: 250 2.0.0 Ok: queued as 6237FA2E7D"
2014-11-3 23:32:13=>"send successful email: 578736719@qq.com   Message sent: 250 2.0.0 Ok: queued as 2C8FDA2E7F"
2014-11-3 23:32:13=>"send successful email: 422527613@qq.com   Message sent: 250 2.0.0 Ok: queued as 944D9A2E7D"
2014-11-3 23:32:14=>"send successful email: 875795430@qq.com   Message sent: 250 2.0.0 Ok: queued as 06D70A2E7F"
2014-11-3 23:32:17=>"send successful email: 657864178@qq.com   Message sent: 250 2.0.0 Ok: queued as 9921BA2E7D"
2014-11-3 23:32:19=>"send successful email: 1078634771@qq.com   Message sent: 250 2.0.0 Ok: queued as 39A56A2E7F"
2014-11-3 23:32:19=>"send successful email: 758627196@qq.com   Message sent: 250 2.0.0 Ok: queued as BBDBDA2E7D"
2014-11-3 23:32:20=>"send successful email: 375014053@qq.com   Message sent: 250 2.0.0 Ok: queued as 2A87FA2E7F"
2014-11-3 23:32:21=>"send successful email: 124356317@qq.com   Message sent: 250 2.0.0 Ok: queued as D25E3A2E7D"
2014-11-3 23:32:22=>"send successful email: 1162245539@qq.com   Message sent: 250 2.0.0 Ok: queued as 445DFA2E7F"
2014-11-3 23:32:23=>"send successful email: 76918409@qq.com   Message sent: 250 2.0.0 Ok: queued as E4A8DA2E81"
2014-11-3 23:32:23=>"send successful email: 1106143480@qq.com   Message sent: 250 2.0.0 Ok: queued as 5B052A2E7F"
2014-11-3 23:32:24=>"send successful email: 1346752030@qq.com   Message sent: 250 2.0.0 Ok: queued as 45CAAA2E7D"
2014-11-3 23:32:25=>"send successful email: 1217746858@qq.com   Message sent: 250 2.0.0 Ok: queued as 17456A2E7F"
2014-11-3 23:32:25=>"send successful email: 762495404@qq.com   Message sent: 250 2.0.0 Ok: queued as 7552EA2E7D"
2014-11-3 23:32:27=>"send successful email: 929822208@qq.com   Message sent: 250 2.0.0 Ok: queued as 41E2EA2E7F"
2014-11-3 23:32:28=>"send successful email: 450807059@qq.com   Message sent: 250 2.0.0 Ok: queued as 195E8A2E7D"
2014-11-3 23:32:29=>"send successful email: 1403611801@qq.com   Message sent: 250 2.0.0 Ok: queued as D5D92A2E7F"
2014-11-3 23:32:30=>"send successful email: 1833953044@qq.com   Message sent: 250 2.0.0 Ok: queued as 9E41FA2E7D"
2014-11-3 23:32:31=>"send successful email: 337682768@qq.com   Message sent: 250 2.0.0 Ok: queued as 78FF1A2E7F"
2014-11-3 23:32:33=>"send successful email: 2891945838@qq.com   Message sent: 250 2.0.0 Ok: queued as 39250A2E7D"
2014-11-3 23:32:34=>"send successful email: 185490875@qq.com   Message sent: 250 2.0.0 Ok: queued as 9199EA2E7F"
2014-11-3 23:32:34=>"send successful email: 1753578477@qq.com   Message sent: 250 2.0.0 Ok: queued as 6868AA2E7D"
2014-11-3 23:32:36=>"send successful email: 321447451@qq.com   Message sent: 250 2.0.0 Ok: queued as 3B61DA2E7F"
2014-11-3 23:32:36=>"send successful email: 415507243@qq.com   Message sent: 250 2.0.0 Ok: queued as 5B3DDA2E7D"
2014-11-3 23:32:37=>"send successful email: 76381028@qq.com   Message sent: 250 2.0.0 Ok: queued as C39C2A2E7F"
2014-11-3 23:32:37=>"send successful email: 353712035@qq.com   Message sent: 250 2.0.0 Ok: queued as A5019A2E7D"
2014-11-3 23:32:38=>"send successful email: 847176491@qq.com   Message sent: 250 2.0.0 Ok: queued as 18B31A2E7F"
2014-11-3 23:32:40=>"send successful email: 1292571141@qq.com   Message sent: 250 2.0.0 Ok: queued as 7EC85A2E7D"
2014-11-3 23:32:40=>"send successful email: 1359252695@qq.com   Message sent: 250 2.0.0 Ok: queued as 55DFBA2E7F"
2014-11-3 23:32:41=>"send successful email: 281332214@qq.com   Message sent: 250 2.0.0 Ok: queued as BA579A2E7D"
2014-11-3 23:32:41=>"send successful email: 455021556@qq.com   Message sent: 250 2.0.0 Ok: queued as 8F96EA2E7F"
2014-11-3 23:32:44=>"send successful email: 745081349@qq.com   Message sent: 250 2.0.0 Ok: queued as EB400A2E81"
2014-11-3 23:32:44=>"send successful email: 50888037@qq.com   Message sent: 250 2.0.0 Ok: queued as 94464A2E7D"
2014-11-3 23:32:45=>"send successful email: 759163136@qq.com   Message sent: 250 2.0.0 Ok: queued as 3A413A2E7F"
2014-11-3 23:32:46=>"send successful email: 842815502@qq.com   Message sent: 250 2.0.0 Ok: queued as D4CC9A2E7D"
2014-11-3 23:32:47=>"send successful email: 739291080@qq.com   Message sent: 250 2.0.0 Ok: queued as 9B51AA2E7F"
2014-11-3 23:32:48=>"send successful email: 23429328@qq.com   Message sent: 250 2.0.0 Ok: queued as 09A82A2E7D"
2014-11-3 23:32:49=>"send successful email: 1943034056@qq.com   Message sent: 250 2.0.0 Ok: queued as 2713BA2E7F"
2014-11-3 23:32:50=>"send successful email: 1452655905@qq.com   Message sent: 250 2.0.0 Ok: queued as E05BFA2E7D"
2014-11-3 23:32:51=>"send successful email: 1540708015@qq.com   Message sent: 250 2.0.0 Ok: queued as C5886A2E7F"
2014-11-3 23:32:52=>"send successful email: 371863822@qq.com   Message sent: 250 2.0.0 Ok: queued as ACFEAA2E7D"
2014-11-3 23:32:53=>"send successful email: 312764039@qq.com   Message sent: 250 2.0.0 Ok: queued as CAE9CA2E7F"
2014-11-3 23:32:55=>"send successful email: 840214302@qq.com   Message sent: 250 2.0.0 Ok: queued as 40A98A2E7D"
2014-11-3 23:32:56=>"send successful email: 943637099@qq.com   Message sent: 250 2.0.0 Ok: queued as EAA21A2E7F"
2014-11-3 23:32:57=>"send successful email: 2396879815@qq.com   Message sent: 250 2.0.0 Ok: queued as 51FF4A2E7D"
2014-11-3 23:32:58=>"send successful email: 932467756@qq.com   Message sent: 250 2.0.0 Ok: queued as BE92CA2E7F"
2014-11-3 23:32:58=>"send successful email: 449643640@qq.com   Message sent: 250 2.0.0 Ok: queued as 91247A2E7D"
2014-11-3 23:33:1=>"send successful email: 664770993@qq.com   Message sent: 250 2.0.0 Ok: queued as 1ABB0A2E7F"
2014-11-3 23:33:2=>"send successful email: 306381881@qq.com   Message sent: 250 2.0.0 Ok: queued as B353EA2E7D"
2014-11-3 23:33:52=>"send successful email: 1448459269@qq.com   Message sent: 250 2.0.0 Ok: queued as CD098A2E7F"
2014-11-3 23:33:53=>"send successful email: 184733098@qq.com   Message sent: 250 2.0.0 Ok: queued as 9AD75A2E7D"
2014-11-3 23:33:53=>"send successful email: 2056533558@qq.com   Message sent: 250 2.0.0 Ok: queued as 6706FA2E7F"
2014-11-3 23:33:54=>"send successful email: 1900047690@qq.com   Message sent: 250 2.0.0 Ok: queued as 0F084A2E7D"
2014-11-3 23:33:55=>"send successful email: 2012496081@qq.com   Message sent: 250 2.0.0 Ok: queued as D6C1BA2E7F"
2014-11-3 23:33:57=>"send successful email: 2933174575@qq.com   Message sent: 250 2.0.0 Ok: queued as 4CB0FA2E7D"
2014-11-3 23:33:57=>"send successful email: 946632085@qq.com   Message sent: 250 2.0.0 Ok: queued as 6BFA9A2E7F"
2014-11-3 23:33:58=>"send successful email: 641064850@qq.com   Message sent: 250 2.0.0 Ok: queued as 15B3CA2E7D"
2014-11-3 23:33:59=>"send successful email: 270101389@qq.com   Message sent: 250 2.0.0 Ok: queued as 79C6AA2E7F"
2014-11-3 23:33:59=>"send successful email: 21760002@qq.com   Message sent: 250 2.0.0 Ok: queued as 6A583A2E7D"
2014-11-3 23:34:1=>"send successful email: 1092800950@qq.com   Message sent: 250 2.0.0 Ok: queued as C7B0EA2E7F"
2014-11-3 23:34:2=>"send successful email: 601605804@qq.com   Message sent: 250 2.0.0 Ok: queued as 83195A2E7D"
2014-11-3 23:34:5=>"send successful email: 709135851@qq.com   Message sent: 250 2.0.0 Ok: queued as AA465A2E7F"
2014-11-3 23:34:5=>"send successful email: 631387490@qq.com   Message sent: 250 2.0.0 Ok: queued as 60892A2E7D"
2014-11-3 23:34:7=>"send successful email: 576692047@qq.com   Message sent: 250 2.0.0 Ok: queued as 307EBA2E7F"
2014-11-3 23:34:8=>"send successful email: 2862924622@qq.com   Message sent: 250 2.0.0 Ok: queued as 4B29BA2E7D"
2014-11-3 23:34:8=>"send successful email: 1841482395@qq.com   Message sent: 250 2.0.0 Ok: queued as E1BA7A2E7F"
2014-11-3 23:34:9=>"send successful email: 746418028@qq.com   Message sent: 250 2.0.0 Ok: queued as 52E3DA2E7D"
2014-11-3 23:34:10=>"send successful email: 483492903@qq.com   Message sent: 250 2.0.0 Ok: queued as F059EA2E7F"
2014-11-3 23:34:11=>"send successful email: 1598078038@qq.com   Message sent: 250 2.0.0 Ok: queued as 18A7FA2E7D"
2014-11-3 23:34:11=>"send successful email: 547477467@qq.com   Message sent: 250 2.0.0 Ok: queued as E5299A2E7F"
2014-11-3 23:34:13=>"send successful email: 1046590675@qq.com   Message sent: 250 2.0.0 Ok: queued as 52F3DA2E7D"
2014-11-3 23:34:13=>"send successful email: 657024053@qq.com   Message sent: 250 2.0.0 Ok: queued as 6B20AA2E7F"
2014-11-3 23:34:14=>"send successful email: 987036188@qq.com   Message sent: 250 2.0.0 Ok: queued as 30097A2E7D"
2014-11-3 23:34:29=>"send successful email: 1227363518@qq.com   Message sent: 250 2.0.0 Ok: queued as 02DF4A2E7F"
2014-11-3 23:34:30=>"send successful email: 2478853829@qq.com   Message sent: 250 2.0.0 Ok: queued as A7234A2E7D"
2014-11-3 23:34:31=>"send successful email: 1004479952@qq.com   Message sent: 250 2.0.0 Ok: queued as B3100A2E7D"
2014-11-3 23:34:34=>"send successful email: 913592325@qq.com   Message sent: 250 2.0.0 Ok: queued as 8420BA2E7D"
2014-11-3 23:34:35=>"send successful email: 1475919714@qq.com   Message sent: 250 2.0.0 Ok: queued as 1A27FA2E7F"
2014-11-3 23:34:35=>"send successful email: 178175283@qq.com   Message sent: 250 2.0.0 Ok: queued as 7D6F4A2E7D"
2014-11-3 23:34:36=>"send successful email: 583037499@qq.com   Message sent: 250 2.0.0 Ok: queued as 4FF12A2E7F"
2014-11-3 23:34:37=>"send successful email: 306247896@qq.com   Message sent: 250 2.0.0 Ok: queued as F0FE2A2E7D"
2014-11-3 23:34:38=>"send successful email: 330249531@qq.com   Message sent: 250 2.0.0 Ok: queued as DA6B6A2E7F"
2014-11-3 23:34:38=>"send successful email: 276198195@qq.com   Message sent: 250 2.0.0 Ok: queued as AD652A2E7D"
2014-11-3 23:34:39=>"send successful email: 6610656@qq.com   Message sent: 250 2.0.0 Ok: queued as 1C31FA2E7F"
2014-11-3 23:34:40=>"send successful email: 2015651292@qq.com   Message sent: 250 2.0.0 Ok: queued as B5D22A2E7D"
2014-11-3 23:34:40=>"send successful email: 673787664@qq.com   Message sent: 250 2.0.0 Ok: queued as 84168A2E7D"
2014-11-3 23:34:41=>"send successful email: 952672834@qq.com   Message sent: 250 2.0.0 Ok: queued as E8C89A2E7F"
2014-11-3 23:34:41=>"send successful email: 2434878830@qq.com   Message sent: 250 2.0.0 Ok: queued as CAAA6A2E7D"
2014-11-3 23:34:42=>"send successful email: 463552094@qq.com   Message sent: 250 2.0.0 Ok: queued as 3B475A2E7F"
2014-11-3 23:34:43=>"send successful email: 2698179448@qq.com   Message sent: 250 2.0.0 Ok: queued as 0FF6FA2E7D"
2014-11-3 23:34:43=>"send successful email: 673549638@qq.com   Message sent: 250 2.0.0 Ok: queued as 73029A2E7F"
2014-11-3 23:34:43=>"send successful email: 969015346@qq.com   Message sent: 250 2.0.0 Ok: queued as D757CA2E7D"
2014-11-3 23:34:44=>"send successful email: 719596360@qq.com   Message sent: 250 2.0.0 Ok: queued as 45DD1A2E85"
2014-11-3 23:34:54=>"send successful email: 614605091@qq.com   Message sent: 250 2.0.0 Ok: queued as 17D15A2E7D"
2014-11-3 23:34:55=>"send successful email: 935424825@qq.com   Message sent: 250 2.0.0 Ok: queued as 3E344A2E7F"
2014-11-3 23:34:57=>"send successful email: 619237388@qq.com   Message sent: 250 2.0.0 Ok: queued as 24260A2E7D"
2014-11-3 23:34:58=>"send successful email: 772495973@qq.com   Message sent: 250 2.0.0 Ok: queued as 93A53A2E7F"
2014-11-3 23:35:0=>"send successful email: 3112654116@qq.com   Message sent: 250 2.0.0 Ok: queued as 61D3BA2E81"
2014-11-3 23:35:1=>"send successful email: 463886217@qq.com   Message sent: 250 2.0.0 Ok: queued as F16A8A2E7D"
2014-11-3 23:35:1=>"send successful email: 346707276@qq.com   Message sent: 250 2.0.0 Ok: queued as B6C6AA2E7F"
2014-11-3 23:35:2=>"send successful email: 399151361@qq.com   Message sent: 250 2.0.0 Ok: queued as 27AA7A2E7D"
2014-11-3 23:35:3=>"send successful email: 649293016@qq.com   Message sent: 250 2.0.0 Ok: queued as E95C2A2E7F"
2014-11-3 23:35:4=>"send successful email: 1523535240@qq.com   Message sent: 250 2.0.0 Ok: queued as ABF52A2E7D"
2014-11-3 23:35:4=>"send successful email: 348274387@qq.com   Message sent: 250 2.0.0 Ok: queued as 7C326A2E7F"
2014-11-3 23:35:4=>"send successful email: 303556099@qq.com   Message sent: 250 2.0.0 Ok: queued as E4F14A2E7D"
2014-11-3 23:35:5=>"send successful email: 121743851@qq.com   Message sent: 250 2.0.0 Ok: queued as 50FDBA2E7F"
2014-11-3 23:35:6=>"send successful email: 337808071@qq.com   Message sent: 250 2.0.0 Ok: queued as 1D58FA2E7D"
2014-11-3 23:35:7=>"send successful email: 1661767264@qq.com   Message sent: 250 2.0.0 Ok: queued as E1158A2E7F"
2014-11-3 23:35:8=>"send successful email: 466236862@qq.com   Message sent: 250 2.0.0 Ok: queued as 8869AA2E7D"
2014-11-3 23:35:9=>"send successful email: 850942776@qq.com   Message sent: 250 2.0.0 Ok: queued as 43A9FA2E7F"
2014-11-3 23:35:10=>"send successful email: 279862574@qq.com   Message sent: 250 2.0.0 Ok: queued as E0483A2E7D"
2014-11-3 23:35:10=>"send successful email: 2267753598@qq.com   Message sent: 250 2.0.0 Ok: queued as 87E52A2E7F"
2014-11-3 23:35:11=>"send successful email: 2959726159@qq.com   Message sent: 250 2.0.0 Ok: queued as 329F6A2E81"
2014-11-3 23:35:11=>"send successful email: 2429864971@qq.com   Message sent: 250 2.0.0 Ok: queued as 93E21A2E7F"
2014-11-3 23:35:12=>"send successful email: 283185631@qq.com   Message sent: 250 2.0.0 Ok: queued as 02974A2E81"
2014-11-3 23:35:13=>"send successful email: 2741681047@qq.com   Message sent: 250 2.0.0 Ok: queued as B9ECDA2E7D"
2014-11-3 23:35:13=>"send successful email: 861292228@qq.com   Message sent: 250 2.0.0 Ok: queued as 97446A2E7D"
2014-11-3 23:35:14=>"send successful email: 1073860493@qq.com   Message sent: 250 2.0.0 Ok: queued as 3CDC1A2E7F"
2014-11-3 23:35:15=>"send successful email: 1737713286@qq.com   Message sent: 250 2.0.0 Ok: queued as A24F8A2E7D"
2014-11-3 23:35:16=>"send successful email: 2462255631@qq.com   Message sent: 250 2.0.0 Ok: queued as 0A66DA2E7F"
2014-11-3 23:35:17=>"send successful email: 1482320217@qq.com   Message sent: 250 2.0.0 Ok: queued as DBF02A2E7D"
2014-11-3 23:35:17=>"send successful email: 395275131@qq.com   Message sent: 250 2.0.0 Ok: queued as A0108A2E7F"
2014-11-3 23:35:18=>"send successful email: 2550221491@qq.com   Message sent: 250 2.0.0 Ok: queued as 14A98A2E7D"
2014-11-3 23:35:18=>"send successful email: 841882273@qq.com   Message sent: 250 2.0.0 Ok: queued as 79127A2E7F"
2014-11-3 23:35:20=>"send successful email: 1257803170@qq.com   Message sent: 250 2.0.0 Ok: queued as 42D3CA2E7D"
2014-11-3 23:35:20=>"send successful email: 2715201535@qq.com   Message sent: 250 2.0.0 Ok: queued as 61455A2E7F"
2014-11-3 23:35:21=>"send successful email: 276150651@qq.com   Message sent: 250 2.0.0 Ok: queued as C5577A2E7D"
2014-11-3 23:35:21=>"send successful email: 332934598@qq.com   Message sent: 250 2.0.0 Ok: queued as 7018BA2E7F"
2014-11-3 23:35:22=>"send successful email: 342996303@qq.com   Message sent: 250 2.0.0 Ok: queued as 49F72A2E7D"
2014-11-3 23:35:25=>"send successful email: 743662019@qq.com   Message sent: 250 2.0.0 Ok: queued as 0FA33A2E7F"
2014-11-3 23:35:26=>"send successful email: 2877439184@qq.com   Message sent: 250 2.0.0 Ok: queued as BC15DA2E7D"
2014-11-3 23:35:27=>"send successful email: 2569792363@qq.com   Message sent: 250 2.0.0 Ok: queued as 93524A2E7F"
2014-11-3 23:35:28=>"send successful email: 43500866@qq.com   Message sent: 250 2.0.0 Ok: queued as AD9EAA2E7D"
2014-11-3 23:35:29=>"send successful email: 452904546@qq.com   Message sent: 250 2.0.0 Ok: queued as E4CE0A2E7F"
2014-11-3 23:35:30=>"send successful email: 249810898@qq.com   Message sent: 250 2.0.0 Ok: queued as B8645A2E7D"
2014-11-3 23:35:31=>"send successful email: 2487014879@qq.com   Message sent: 250 2.0.0 Ok: queued as 3308DA2E7F"
2014-11-3 23:35:32=>"send successful email: 648104561@qq.com   Message sent: 250 2.0.0 Ok: queued as 03576A2E7D"
2014-11-3 23:35:33=>"send successful email: 326751223@qq.com   Message sent: 250 2.0.0 Ok: queued as DB620A2E7F"
2014-11-3 23:35:34=>"send successful email: 11836028@qq.com   Message sent: 250 2.0.0 Ok: queued as 49AEDA2E7D"
2014-11-3 23:35:35=>"send successful email: 756549490@qq.com   Message sent: 250 2.0.0 Ok: queued as 12E9CA2E7F"
2014-11-3 23:35:36=>"send successful email: 1776821452@qq.com   Message sent: 250 2.0.0 Ok: queued as D0883A2E7D"
2014-11-3 23:35:37=>"send successful email: 307118473@qq.com   Message sent: 250 2.0.0 Ok: queued as F083DA2E7F"
2014-11-3 23:35:38=>"send successful email: 2111687680@qq.com   Message sent: 250 2.0.0 Ok: queued as C9162A2E7D"
2014-11-3 23:35:39=>"send successful email: 863301297@qq.com   Message sent: 250 2.0.0 Ok: queued as A20BAA2E7F"
2014-11-3 23:35:41=>"send successful email: 503963472@qq.com   Message sent: 250 2.0.0 Ok: queued as D4FE1A2E7D"
2014-11-3 23:35:41=>"all email send success"
