2014-11-2 1:52:19=>"send email error: 1119807768@qq.com   Message error: Error: Data command failed"
2014-11-2 1:53:41=>"send email error: 960094529@qq.com   Message error: Error: Data command failed"
2014-11-2 1:56:11=>"all email send success"
2014-11-2 1:56:11=>"send successful email: pengfeng91@163.com   Message sent: 250 2.0.0 Ok: queued as 9E65D1101563"
2014-11-2 1:56:57=>"send successful email: 960094529@qq.com   Message sent: 250 2.0.0 Ok: queued as E24EE1101561"
2014-11-2 1:56:59=>"send successful email: 1039887763@qq.com   Message sent: 250 2.0.0 Ok: queued as 5D3D51101563"
2014-11-2 1:57:0=>"send successful email: 659332257@qq.com   Message sent: 250 2.0.0 Ok: queued as 7C5CD1101567"
2014-11-2 1:57:1=>"send successful email: 775663517@qq.com   Message sent: 250 2.0.0 Ok: queued as CED2B1101561"
2014-11-2 1:57:3=>"send successful email: 1422638119@qq.com   Message sent: 250 2.0.0 Ok: queued as 0FC5D1101563"
2014-11-2 1:57:6=>"send successful email: 1422638119@qq.com   Message sent: 250 2.0.0 Ok: queued as CEE521101563"
2014-11-2 1:57:7=>"send successful email: 503756754@qq.com   Message sent: 250 2.0.0 Ok: queued as 47E501101561"
2014-11-2 1:57:10=>"send successful email: 597144911@qq.com   Message sent: 250 2.0.0 Ok: queued as 37B421101566"
2014-11-2 1:57:11=>"send successful email: 2517454948@qq.com   Message sent: 250 2.0.0 Ok: queued as AB3EE1101563"
2014-11-2 1:57:15=>"send successful email: 1129994610@qq.com   Message sent: 250 2.0.0 Ok: queued as C79681101563"
2014-11-2 1:57:18=>"send successful email: 532105719@qq.com   Message sent: 250 2.0.0 Ok: queued as AB4111100E6C"
2014-11-2 1:57:19=>"send successful email: 543959078@qq.com   Message sent: 250 2.0.0 Ok: queued as DFDEF1100FF7"
2014-11-2 1:57:21=>"send successful email: 254079272@qq.com   Message sent: 250 2.0.0 Ok: queued as 1D96711010BC"
2014-11-2 1:57:22=>"send successful email: 657585700@qq.com   Message sent: 250 2.0.0 Ok: queued as 5A3191101054"
2014-11-2 1:57:23=>"send successful email: 1005907874@qq.com   Message sent: 250 2.0.0 Ok: queued as 9292811010EE"
2014-11-2 1:57:25=>"send successful email: 845047333@qq.com   Message sent: 250 2.0.0 Ok: queued as C8AFC1101054"
2014-11-2 1:57:28=>"send successful email: 214130497@qq.com   Message sent: 250 2.0.0 Ok: queued as DC50D11010BC"
2014-11-2 1:57:30=>"send successful email: 312071359@qq.com   Message sent: 250 2.0.0 Ok: queued as 30CB711010CA"
2014-11-2 1:57:31=>"send successful email: 776965958@qq.com   Message sent: 250 2.0.0 Ok: queued as F22301101054"
2014-11-2 1:57:33=>"send successful email: 515445278@qq.com   Message sent: 250 2.0.0 Ok: queued as 32D0411010CA"
2014-11-2 1:57:34=>"send successful email: 649369134@qq.com   Message sent: 250 2.0.0 Ok: queued as 332B21101054"
2014-11-2 1:57:39=>"send successful email: 63385981@qq.com   Message sent: 250 2.0.0 Ok: queued as EB4F311010BC"
2014-11-2 1:57:41=>"send successful email: 813880992@qq.com   Message sent: 250 2.0.0 Ok: queued as 2817B1101054"
2014-11-2 1:57:41=>"send email error: 593192162@qq.com   Message error: Error: Data command failed"
2014-11-2 1:58:50=>"send successful email: pengfeng91@163.com   Message sent: 250 2.0.0 Ok: queued as 0FF331101196"
2014-11-2 1:58:50=>"all email send success"
2014-11-2 1:59:25=>"send successful email: 593192162@qq.com   Message sent: 250 2.0.0 Ok: queued as A1B12110147A"
2014-11-2 1:59:26=>"send successful email: 316990218@qq.com   Message sent: 250 2.0.0 Ok: queued as 68A6311013C0"
2014-11-2 1:59:28=>"send successful email: 84251075@qq.com   Message sent: 250 2.0.0 Ok: queued as 756531101519"
2014-11-2 1:59:29=>"send successful email: 592215756@qq.com   Message sent: 250 2.0.0 Ok: queued as 47BB511013C0"
2014-11-2 1:59:31=>"send successful email: 574388726@qq.com   Message sent: 250 2.0.0 Ok: queued as 6B984110147A"
2014-11-2 1:59:31=>"send successful email: 363495867@qq.com   Message sent: 250 2.0.0 Ok: queued as 716061101549"
2014-11-2 1:59:33=>"send successful email: 1663233831@qq.com   Message sent: 250 2.0.0 Ok: queued as 2FAEB110147A"
2014-11-2 1:59:34=>"send successful email: 1162245539@qq.com   Message sent: 250 2.0.0 Ok: queued as 63D301101519"
2014-11-2 1:59:35=>"send successful email: 403613260@qq.com   Message sent: 250 2.0.0 Ok: queued as 08E111101549"
2014-11-2 1:59:37=>"send successful email: 930282440@qq.com   Message sent: 250 2.0.0 Ok: queued as 1C288110156C"
2014-11-2 1:59:39=>"send successful email: 371434952@qq.com   Message sent: 250 2.0.0 Ok: queued as EDAC7110147A"
2014-11-2 1:59:41=>"send successful email: 303628614@qq.com   Message sent: 250 2.0.0 Ok: queued as 2877B110147A"
2014-11-2 1:59:42=>"send successful email: 302958272@qq.com   Message sent: 250 2.0.0 Ok: queued as 9BD5C1101549"
2014-11-2 1:59:43=>"send successful email: 114705150@qq.com   Message sent: 250 2.0.0 Ok: queued as CBBB1110147A"
2014-11-2 2:0:27=>"send successful email: 670496650@qq.com   Message sent: 250 2.0.0 Ok: queued as 239AA1101561"
2014-11-2 2:0:31=>"send successful email: 784461347@qq.com   Message sent: 250 2.0.0 Ok: queued as 84036110156A"
2014-11-2 2:0:32=>"send successful email: 1648785406@qq.com   Message sent: 250 2.0.0 Ok: queued as 68B9F110156F"
2014-11-2 2:0:40=>"send successful email: 985528771@qq.com   Message sent: 250 2.0.0 Ok: queued as 82D50110153F"
2014-11-2 2:0:43=>"send successful email: 535164842@qq.com   Message sent: 250 2.0.0 Ok: queued as 262A51101578"
2014-11-2 2:0:44=>"send successful email: 23429328@qq.com   Message sent: 250 2.0.0 Ok: queued as 312B21101570"
2014-11-2 2:0:46=>"send successful email: 156572907@qq.com   Message sent: 250 2.0.0 Ok: queued as 7FEE51101563"
2014-11-2 2:0:48=>"send successful email: 497103900@qq.com   Message sent: 250 2.0.0 Ok: queued as 595C51101549"
2014-11-2 2:0:49=>"send successful email: 704997310@qq.com   Message sent: 250 2.0.0 Ok: queued as B505F1101563"
2014-11-2 2:0:53=>"send successful email: 408952272@qq.com   Message sent: 250 2.0.0 Ok: queued as B05B11101549"
2014-11-2 2:0:54=>"send successful email: 461160118@qq.com   Message sent: 250 2.0.0 Ok: queued as E79FE110156A"
2014-11-2 2:0:55=>"send email error: 122855854@qq.com   Message error: Error: Data command failed"
2014-11-2 2:3:17=>"send email error: pengfeng91@163.com   Message error: Error: Data command failed"
2014-11-2 2:3:43=>"send email error: pengfeng91@163.com   Message error: Error: Data command failed"
2014-11-2 2:4:15=>"send email error: pengfeng91@163.com   Message error: Error: Data command failed"
2014-11-2 2:4:23=>"send email error: pengfeng91@163.com   Message error: Error: Data command failed"
2014-11-2 2:5:48=>"send email error: pengfeng91@163.com   Message error: Error: Data command failed"
2014-11-2 2:5:57=>"send email error: pengfeng91@163.com   Message error: Error: Data command failed"
2014-11-2 2:10:23=>"send email error: pengfeng91@163.com   Message error: Error: Data command failed"
2014-11-2 2:10:43=>"send email error: pengfeng91@163.com   Message error: Error: Data command failed"
2014-11-2 2:11:9=>"send email error: pengfeng91@163.com   Message error: Error: Data command failed"
2014-11-2 2:13:28=>"send email error: pengfeng91@163.com   Message error: Error: Data command failed"
2014-11-2 2:16:50=>"send email error: pengfeng91@163.com   Message error: Error: Data command failed"
2014-11-2 2:22:11=>"send email error: pengfeng91@163.com   Message error: Error: Data command failed"
2014-11-2 2:22:17=>"send email error: pengfeng91@163.com   Message error: Error: Data command failed"
2014-11-2 2:28:27=>"send email error: pengfeng91@163.com   Message error: Error: Data command failed"
2014-11-2 2:34:18=>"send email error: pengfeng91@163.com   Message error: Error: Data command failed"
2014-11-2 14:55:25=>"send email error: pengfeng91@163.com   Message error: Error: Data command failed"
2014-11-2 15:6:47=>"send email error: pengfeng91@163.com   Message error: Error: Data command failed"
2014-11-2 15:13:53=>"send email error: pengfeng91@163.com   Message error: Error: Data command failed"
2014-11-2 15:20:46=>"send email error: 592893997@qq.com   Message error: Error: Invalid login"
2014-11-2 15:21:31=>"send email error: 592893997@qq.com   Message error: Error: Data command failed"
2014-11-2 15:21:58=>"send email error: 592893997@qq.com   Message error: Error: connect ECONNREFUSED"
2014-11-2 15:22:8=>"send email error: 592893997@qq.com   Message error: Error: connect ECONNREFUSED"
2014-11-2 15:23:41=>"send email error: 592893997@qq.com   Message error: Error: Mail command failed"
2014-11-2 15:24:52=>"send successful email: 592893997@qq.com   Message sent: 250 Mail OK queued as smtp13,EcCowED5gEQo3FVUPcRbAQ--.817S3 1414913067"
2014-11-2 15:24:52=>"all email send success"
2014-11-2 15:25:55=>"send email error: 592893997@qq.com   Message error: Error: Data command failed"
2014-11-2 17:20:8=>"send email error: 592893997@qq.com   Message error: Error: Invalid login"
2014-11-2 17:33:57=>"send email error: 592893997@qq.com   Message error: Error: Invalid login"
2014-11-2 17:34:19=>"send email error: 592893997@qq.com   Message error: Error: Can't send mail - all recipients were rejected"
2014-11-2 17:35:19=>"send email error: pengfeng91@163.com   Message error: Error: Can't send mail - all recipients were rejected"
2014-11-2 17:43:23=>"send successful email: pengfeng91@163.com   Message sent: 250 2.0.0 Ok: queued as C6721A2E4A"
2014-11-2 17:43:23=>"all email send success"
2014-11-2 17:50:30=>"send successful email: pengfeng91@163.com   Message sent: 250 2.0.0 Ok: queued as 35393A2E4A"
2014-11-2 17:50:30=>"send successful email: 592893997@qq.com   Message sent: 250 2.0.0 Ok: queued as 9A29BA2E4C"
2014-11-2 17:50:30=>"all email send success"
2014-11-2 17:52:13=>"send successful email: pengfeng91@163.com   Message sent: 250 2.0.0 Ok: queued as 84DC6A2E4A"
2014-11-2 17:52:14=>"send successful email: 592893997@qq.com   Message sent: 250 2.0.0 Ok: queued as EBCBAA2E4C"
2014-11-2 17:52:14=>"all email send success"
2014-11-2 18:3:46=>"send successful email: pengfeng91@163.com   Message sent: 250 2.0.0 Ok: queued as 32686A2E4A"
2014-11-2 18:3:46=>"send successful email: 592893997@qq.com   Message sent: 250 2.0.0 Ok: queued as 98631A2E4C"
2014-11-2 18:3:46=>"all email send success"
2014-11-2 18:5:25=>"send successful email: pengfeng91@163.com   Message sent: 250 2.0.0 Ok: queued as 3BF52A2E4A"
2014-11-2 18:5:26=>"send successful email: 592893997@qq.com   Message sent: 250 2.0.0 Ok: queued as A1615A2E4C"
2014-11-2 18:5:26=>"send successful email: 1429970147@qq.com   Message sent: 250 2.0.0 Ok: queued as 191C8A2E4D"
2014-11-2 18:5:26=>"all email send success"
2014-11-2 18:7:16=>"send successful email: pengfeng91@163.com   Message sent: 250 2.0.0 Ok: queued as 3BEF7A2E4A"
2014-11-2 18:7:18=>"send successful email: 592893997@qq.com   Message sent: 250 2.0.0 Ok: queued as 716E0A2E4A"
2014-11-2 18:7:19=>"all email send success"
2014-11-2 18:7:19=>"send successful email: 1429970147@qq.com   Message sent: 250 2.0.0 Ok: queued as 649C7A2E4C"
2014-11-2 18:36:4=>"send successful email: pengfeng91@163.com   Message sent: 250 2.0.0 Ok: queued as DE6E8A2E77"
2014-11-2 18:36:4=>"send successful email: 592893997@qq.com   Message sent: 250 2.0.0 Ok: queued as 520E1A2E78"
2014-11-2 18:36:5=>"send successful email: 1429970147@qq.com   Message sent: 250 2.0.0 Ok: queued as BA3B0A2E79"
2014-11-2 18:36:5=>"all email send success"
2014-11-2 18:37:59=>"send successful email: pengfeng91@163.com   Message sent: 250 2.0.0 Ok: queued as 1BCBAA2E77"
2014-11-2 18:38:0=>"send successful email: 592893997@qq.com   Message sent: 250 2.0.0 Ok: queued as 1921EA2E77"
2014-11-2 18:38:1=>"send successful email: 1429970147@qq.com   Message sent: 250 2.0.0 Ok: queued as 36F71A2E77"
2014-11-2 18:38:2=>"send successful email: 839746590@qq.com   Message sent: 250 2.0.0 Ok: queued as F0BA7A2E78"
2014-11-2 18:38:2=>"all email send success"
2014-11-2 18:39:8=>"send successful email: pengfeng91@163.com   Message sent: 250 2.0.0 Ok: queued as 03AFEA2E77"
2014-11-2 18:39:10=>"send successful email: 592893997@qq.com   Message sent: 250 2.0.0 Ok: queued as 79998A2E77"
2014-11-2 18:39:11=>"send successful email: 1429970147@qq.com   Message sent: 250 2.0.0 Ok: queued as D9D63A2E78"
2014-11-2 18:39:11=>"all email send success"
2014-11-2 18:40:20=>"send successful email: pengfeng91@163.com   Message sent: 250 2.0.0 Ok: queued as AEC5EA2E77"
2014-11-2 18:40:21=>"send successful email: 592893997@qq.com   Message sent: 250 2.0.0 Ok: queued as 1C106A2E78"
2014-11-2 18:40:21=>"send successful email: 1429970147@qq.com   Message sent: 250 2.0.0 Ok: queued as 80575A2E77"
2014-11-2 18:40:21=>"all email send success"
2014-11-2 18:41:36=>"send successful email: pengfeng91@163.com   Message sent: 250 2.0.0 Ok: queued as 02A28A2E77"
2014-11-2 18:41:36=>"send successful email: 122855854@qq.com   Message sent: 250 2.0.0 Ok: queued as 6A93FA2E78"
2014-11-2 18:41:37=>"send successful email: 260653334@qq.com   Message sent: 250 2.0.0 Ok: queued as D0457A2E77"
2014-11-2 18:41:37=>"send successful email: 1677612588@qq.com   Message sent: 250 2.0.0 Ok: queued as 3E334A2E79"
2014-11-2 18:41:37=>"send successful email: 1561019009@qq.com   Message sent: 250 2.0.0 Ok: queued as 9A9B2A2E78"
2014-11-2 18:41:38=>"send successful email: 727746923@qq.com   Message sent: 250 2.0.0 Ok: queued as 0775CA2E77"
2014-11-2 18:41:38=>"send successful email: 330793028@qq.com   Message sent: 250 2.0.0 Ok: queued as 64F05A2E79"
2014-11-2 18:41:39=>"send successful email: 47880653@qq.com   Message sent: 250 2.0.0 Ok: queued as C55A6A2E77"
2014-11-2 18:41:39=>"send successful email: 949744424@qq.com   Message sent: 250 2.0.0 Ok: queued as 32B9BA2E7A"
2014-11-2 18:41:39=>"send successful email: 375003431@qq.com   Message sent: 250 2.0.0 Ok: queued as 958BEA2E77"
2014-11-2 18:41:40=>"send successful email: 229025791@qq.com   Message sent: 250 2.0.0 Ok: queued as F3BA0A2E78"
2014-11-2 18:41:40=>"send successful email: 709135851@qq.com   Message sent: 250 2.0.0 Ok: queued as 5B624A2E77"
2014-11-2 18:41:41=>"send successful email: 445794359@qq.com   Message sent: 250 2.0.0 Ok: queued as C1018A2E79"
2014-11-2 18:41:41=>"send successful email: 1975906842@qq.com   Message sent: 250 2.0.0 Ok: queued as 2EE61A2E7A"
2014-11-2 18:41:41=>"send successful email: 827135582@qq.com   Message sent: 250 2.0.0 Ok: queued as 8FF3CA2E7B"
2014-11-2 18:41:42=>"send successful email: 1371043600@qq.com   Message sent: 250 2.0.0 Ok: queued as ECAA8A2E78"
2014-11-2 18:41:42=>"send successful email: 1683200646@qq.com   Message sent: 250 2.0.0 Ok: queued as 5B18AA2E77"
2014-11-2 18:41:43=>"send successful email: 452894363@qq.coms   Message sent: 250 2.0.0 Ok: queued as C509AA2E79"
2014-11-2 18:41:43=>"send successful email: 821626497@qq.com   Message sent: 250 2.0.0 Ok: queued as 3352CA2E79"
2014-11-2 18:41:43=>"send successful email: 759627203@qq.com   Message sent: 250 2.0.0 Ok: queued as 95CA6A2E7A"
2014-11-2 18:41:44=>"send successful email: 1807126056@qq.com   Message sent: 250 2.0.0 Ok: queued as 04821A2E7C"
2014-11-2 18:41:44=>"send successful email: 309548144@qq.com   Message sent: 250 2.0.0 Ok: queued as 6ACD3A2E77"
2014-11-2 18:41:45=>"send successful email: 1010485434@qq.com   Message sent: 250 2.0.0 Ok: queued as C857FA2E79"
2014-11-2 18:41:45=>"send successful email: 280864472@qq.com   Message sent: 250 2.0.0 Ok: queued as 3E061A2E77"
2014-11-2 18:41:45=>"send successful email: 1780018953@qq.com   Message sent: 250 2.0.0 Ok: queued as A03E2A2E79"
2014-11-2 18:41:46=>"send successful email: 1369547848@qq.com   Message sent: 250 2.0.0 Ok: queued as 1190FA2E77"
2014-11-2 18:41:46=>"send successful email: 348274387@qq.com   Message sent: 250 2.0.0 Ok: queued as 7262DA2E79"
2014-11-2 18:41:47=>"send successful email: 805720883@qq.com   Message sent: 250 2.0.0 Ok: queued as D92E4A2E77"
2014-11-2 18:41:47=>"send successful email: 303556099@qq.com   Message sent: 250 2.0.0 Ok: queued as 47D9AA2E79"
2014-11-2 18:41:47=>"send successful email: 2830802169@qq.com   Message sent: 250 2.0.0 Ok: queued as AB8B9A2E77"
2014-11-2 18:41:48=>"send successful email: 185062853@qq.com   Message sent: 250 2.0.0 Ok: queued as 1919DA2E79"
2014-11-2 18:41:48=>"send successful email: 1053777107@qq.com   Message sent: 250 2.0.0 Ok: queued as 7D7C9A2E77"
2014-11-2 18:41:49=>"send successful email: 1689697741@qq.com   Message sent: 250 2.0.0 Ok: queued as E244DA2E79"
2014-11-2 18:41:49=>"send successful email: 328172816@qq.com   Message sent: 250 2.0.0 Ok: queued as 51004A2E77"
2014-11-2 18:41:50=>"send successful email: 360993627@qq.com   Message sent: 250 2.0.0 Ok: queued as B4C3BA2E79"
2014-11-2 18:41:50=>"send successful email: 1614327180@qq.com   Message sent: 250 2.0.0 Ok: queued as 24E6DA2E77"
2014-11-2 18:41:50=>"send successful email: 1340416064@qq.com   Message sent: 250 2.0.0 Ok: queued as 8A612A2E79"
2014-11-2 18:41:51=>"send successful email: 953986360@qq.com   Message sent: 250 2.0.0 Ok: queued as EF1F7A2E77"
2014-11-2 18:41:51=>"send successful email: 254981772@qq.com   Message sent: 250 2.0.0 Ok: queued as 5C767A2E7A"
2014-11-2 18:41:52=>"send successful email: 781354706@qq.com   Message sent: 250 2.0.0 Ok: queued as BC7B7A2E77"
2014-11-2 18:41:52=>"send successful email: 1214089636@qq.com   Message sent: 250 2.0.0 Ok: queued as 2730CA2E7B"
2014-11-2 18:41:52=>"send successful email: 807189752@qq.com   Message sent: 250 2.0.0 Ok: queued as 8530AA2E77"
2014-11-2 18:41:53=>"send successful email: 381625396@qq.com   Message sent: 250 2.0.0 Ok: queued as E253BA2E79"
2014-11-2 18:41:53=>"send successful email: 519085583@qq.com   Message sent: 250 2.0.0 Ok: queued as 4B074A2E77"
2014-11-2 18:41:53=>"send successful email: 664993759@qq.com   Message sent: 250 2.0.0 Ok: queued as AD915A2E79"
2014-11-2 18:41:54=>"send successful email: 693060380@qq.com   Message sent: 250 2.0.0 Ok: queued as 1C576A2E77"
2014-11-2 18:41:54=>"send successful email: 514338561@qq.com   Message sent: 250 2.0.0 Ok: queued as 80CDBA2E79"
2014-11-2 18:41:55=>"send successful email: 1262284946@qq.com   Message sent: 250 2.0.0 Ok: queued as E52A7A2E77"
2014-11-2 18:41:55=>"send successful email: 576707674@qq.com   Message sent: 250 2.0.0 Ok: queued as 51EBEA2E79"
2014-11-2 18:41:56=>"send successful email: 263687108@qq.com   Message sent: 250 2.0.0 Ok: queued as B4520A2E77"
2014-11-2 18:41:56=>"send successful email: 1762466436@qq.com   Message sent: 250 2.0.0 Ok: queued as 23860A2E79"
2014-11-2 18:41:56=>"send successful email: 77047807@qq.com   Message sent: 250 2.0.0 Ok: queued as 88009A2E77"
2014-11-2 18:41:57=>"send successful email: 453877368@qq.com   Message sent: 250 2.0.0 Ok: queued as ED2FCA2E79"
2014-11-2 18:41:57=>"send successful email: 640826927@qq.com   Message sent: 250 2.0.0 Ok: queued as 5CFEFA2E77"
2014-11-2 18:41:58=>"send successful email: 424421899@qq.com   Message sent: 250 2.0.0 Ok: queued as BEE23A2E79"
2014-11-2 18:41:58=>"send successful email: 747355029@qq.com   Message sent: 250 2.0.0 Ok: queued as 30662A2E77"
2014-11-2 18:41:58=>"send successful email: 200893152@qq.com   Message sent: 250 2.0.0 Ok: queued as 97451A2E79"
2014-11-2 18:41:59=>"send successful email: 279895102@qq.com   Message sent: 250 2.0.0 Ok: queued as 05808A2E77"
2014-11-2 18:41:59=>"send successful email: 547391493@qq.com   Message sent: 250 2.0.0 Ok: queued as 68F29A2E79"
2014-11-2 18:42:0=>"send successful email: 1028601656@qq.com   Message sent: 250 2.0.0 Ok: queued as CD713A2E77"
2014-11-2 18:42:0=>"send successful email: 372985842@qq.com   Message sent: 250 2.0.0 Ok: queued as 3D13DA2E79"
2014-11-2 18:42:0=>"send successful email: 348701701@qq.com   Message sent: 250 2.0.0 Ok: queued as A0C25A2E77"
2014-11-2 18:42:1=>"send successful email: 793953355@qq.com   Message sent: 250 2.0.0 Ok: queued as 16111A2E79"
2014-11-2 18:42:1=>"send successful email: 133321124@qq.com   Message sent: 250 2.0.0 Ok: queued as 78E88A2E77"
2014-11-2 18:42:2=>"send successful email: 273663797@qq.com   Message sent: 250 2.0.0 Ok: queued as DB513A2E79"
2014-11-2 18:42:2=>"send successful email: 112865@qq.com   Message sent: 250 2.0.0 Ok: queued as 4A3EDA2E77"
2014-11-2 18:42:3=>"send successful email: 390084787@qq.com   Message sent: 250 2.0.0 Ok: queued as AE712A2E79"
2014-11-2 18:42:3=>"send successful email: 2731879341@qq.com   Message sent: 250 2.0.0 Ok: queued as 25C18A2E77"
2014-11-2 18:42:3=>"send successful email: 329624030@qq.com   Message sent: 250 2.0.0 Ok: queued as 89E5CA2E79"
2014-11-2 18:42:4=>"send successful email: 1220035860@qq.com   Message sent: 250 2.0.0 Ok: queued as EE540A2E77"
2014-11-2 18:42:4=>"send successful email: 445453840@qq.com   Message sent: 250 2.0.0 Ok: queued as 5E51AA2E79"
2014-11-2 18:42:5=>"send successful email: 957630816@qq.com   Message sent: 250 2.0.0 Ok: queued as C442FA2E77"
2014-11-2 18:42:5=>"send successful email: 1318564329@qq.com   Message sent: 250 2.0.0 Ok: queued as 31DEDA2E79"
2014-11-2 18:42:5=>"send successful email: 393183086@qq.com   Message sent: 250 2.0.0 Ok: queued as 97B98A2E77"
2014-11-2 18:42:6=>"send successful email: 2459957490@qq.com   Message sent: 250 2.0.0 Ok: queued as 0750DA2E7A"
2014-11-2 18:42:6=>"send successful email: 737685370@qq.com   Message sent: 250 2.0.0 Ok: queued as 6E488A2E77"
2014-11-2 18:42:7=>"send successful email: 702677938@qq.com   Message sent: 250 2.0.0 Ok: queued as D02D1A2E7A"
2014-11-2 18:42:7=>"send successful email: 251305651@qq.com   Message sent: 250 2.0.0 Ok: queued as 40C53A2E7B"
2014-11-2 18:42:7=>"send successful email: 273812982@qq.com   Message sent: 250 2.0.0 Ok: queued as A5503A2E77"
2014-11-2 18:42:8=>"send successful email: 307459882@qq.com   Message sent: 250 2.0.0 Ok: queued as 147D9A2E79"
2014-11-2 18:42:8=>"send successful email: 1609271980@qq.com   Message sent: 250 2.0.0 Ok: queued as 77D8BA2E77"
2014-11-2 18:42:9=>"send successful email: 1628552330@qq.com   Message sent: 250 2.0.0 Ok: queued as DA38EA2E79"
2014-11-2 18:42:9=>"send successful email: 3079866652@qq.com   Message sent: 250 2.0.0 Ok: queued as 495C6A2E77"
2014-11-2 18:42:10=>"send successful email: 2748003428@qq.com   Message sent: 250 2.0.0 Ok: queued as AEAECA2E77"
2014-11-2 18:42:10=>"send successful email: 862065299@qq.com   Message sent: 250 2.0.0 Ok: queued as 1E51BA2E79"
2014-11-2 18:42:10=>"send successful email: 983218870@qq.com   Message sent: 250 2.0.0 Ok: queued as 82B87A2E77"
2014-11-2 18:42:11=>"send successful email: 287215728@qq.com   Message sent: 250 2.0.0 Ok: queued as EA0F7A2E79"
2014-11-2 18:42:11=>"send successful email: 33185342@qq.com   Message sent: 250 2.0.0 Ok: queued as 578D5A2E77"
2014-11-2 18:42:12=>"send successful email: 1129848962@qq.com   Message sent: 250 2.0.0 Ok: queued as BB79AA2E79"
2014-11-2 18:42:12=>"send successful email: 303635506@qq.com   Message sent: 250 2.0.0 Ok: queued as 2F64BA2E77"
2014-11-2 18:42:12=>"send successful email: 303922877@qq.com   Message sent: 250 2.0.0 Ok: queued as 9A3E6A2E79"
2014-11-2 18:42:13=>"send successful email: 2970411870@qq.com   Message sent: 250 2.0.0 Ok: queued as 0B80BA2E77"
2014-11-2 18:42:13=>"send successful email: 1824356395@qq.com   Message sent: 250 2.0.0 Ok: queued as 7038DA2E77"
2014-11-2 18:42:14=>"send successful email: 396774286@qq.com   Message sent: 250 2.0.0 Ok: queued as D41FBA2E79"
2014-11-2 18:42:14=>"send successful email: 1293507781@qq.com   Message sent: 250 2.0.0 Ok: queued as 4191FA2E77"
2014-11-2 18:42:14=>"send successful email: 1003886503@qq.com   Message sent: 250 2.0.0 Ok: queued as A0572A2E79"
2014-11-2 18:42:15=>"send successful email: 2512179109@qq.com   Message sent: 250 2.0.0 Ok: queued as 0ED02A2E77"
2014-11-2 18:42:15=>"send successful email: 517238704@qq.com   Message sent: 250 2.0.0 Ok: queued as 71F76A2E79"
2014-11-2 18:42:16=>"send successful email: 396774286@qq.com   Message sent: 250 2.0.0 Ok: queued as D10C2A2E77"
2014-11-2 18:42:16=>"send successful email: 1293507781@qq.com   Message sent: 250 2.0.0 Ok: queued as 3C458A2E79"
2014-11-2 18:42:16=>"send successful email: 1003886503@qq.com   Message sent: 250 2.0.0 Ok: queued as A0502A2E77"
2014-11-2 18:42:17=>"send successful email: 2512179109@qq.com   Message sent: 250 2.0.0 Ok: queued as 0ED24A2E79"
2014-11-2 18:42:17=>"send successful email: 517238704@qq.com   Message sent: 250 2.0.0 Ok: queued as 70B59A2E77"
2014-11-2 18:42:18=>"send successful email: 724172690@qq.com   Message sent: 250 2.0.0 Ok: queued as D3145A2E79"
2014-11-2 18:42:18=>"send successful email: 670676954@qq.com   Message sent: 250 2.0.0 Ok: queued as 43149A2E77"
2014-11-2 18:42:18=>"send successful email: 1973809139@qq.com   Message sent: 250 2.0.0 Ok: queued as A6E89A2E79"
2014-11-2 18:42:19=>"send successful email: 734265952@qq.com   Message sent: 250 2.0.0 Ok: queued as 15CAAA2E77"
2014-11-2 18:42:19=>"send successful email: 442015707@qq.com   Message sent: 250 2.0.0 Ok: queued as 79AB9A2E7D"
2014-11-2 18:42:20=>"send successful email: 1094636516@qq.com   Message sent: 250 2.0.0 Ok: queued as DE5BBA2E81"
2014-11-2 18:42:20=>"send successful email: 2355697766@qq.com   Message sent: 250 2.0.0 Ok: queued as 50CD0A2E85"
2014-11-2 18:42:21=>"send successful email: 1030796958@qq.com   Message sent: 250 2.0.0 Ok: queued as B2374A2E89"
2014-11-2 18:42:21=>"send successful email: 1042231014@qq.com   Message sent: 250 2.0.0 Ok: queued as 205ADA2E8D"
2014-11-2 18:42:21=>"send successful email: 597144911@qq.com   Message sent: 250 2.0.0 Ok: queued as 83D90A2E91"
2014-11-2 18:42:22=>"send successful email: 839337158@qq.com   Message sent: 250 2.0.0 Ok: queued as E452AA2E95"
2014-11-2 18:42:22=>"send successful email: 1296786267@qq.com   Message sent: 250 2.0.0 Ok: queued as 4E01CA2E99"
2014-11-2 18:42:23=>"send successful email: 530298287@qq.com   Message sent: 250 2.0.0 Ok: queued as B3FEAA2E9D"
2014-11-2 18:42:23=>"send successful email: 319164617@qq.com   Message sent: 250 2.0.0 Ok: queued as 283F8A2E9F"
2014-11-2 18:42:23=>"send successful email: 390975079@qq.com   Message sent: 250 2.0.0 Ok: queued as 8B58FA2EA1"
2014-11-2 18:42:24=>"send successful email: 1714073478@qq.com   Message sent: 250 2.0.0 Ok: queued as EFAB5A2EA3"
2014-11-2 18:42:24=>"send successful email: 572212609@qq.com   Message sent: 250 2.0.0 Ok: queued as 5DC36A2EA5"
2014-11-2 18:42:25=>"send successful email: 2317305603@qq.com   Message sent: 250 2.0.0 Ok: queued as BF202A2EA7"
2014-11-2 18:42:25=>"send successful email: 1525408898@qq.com   Message sent: 250 2.0.0 Ok: queued as 33855A2EA9"
2014-11-2 18:42:25=>"send successful email: 839214506@qq.com   Message sent: 250 2.0.0 Ok: queued as 90B13A2EAD"
2014-11-2 18:42:26=>"send successful email: 420166343@qq.com   Message sent: 250 2.0.0 Ok: queued as 007B2A2EB1"
2014-11-2 18:42:26=>"send successful email: 420616389@qq.com   Message sent: 250 2.0.0 Ok: queued as 64564A2EB5"
2014-11-2 18:42:27=>"send successful email: 1500227633@qq.com   Message sent: 250 2.0.0 Ok: queued as C8FC3A2EB9"
2014-11-2 18:42:27=>"send successful email: 936123496@qq.com   Message sent: 250 2.0.0 Ok: queued as 3AEA1A2EBD"
2014-11-2 18:42:27=>"send successful email: 1099951454@qq.com   Message sent: 250 2.0.0 Ok: queued as A286CA2EBF"
2014-11-2 18:42:28=>"send successful email: 420269643@qq.com   Message sent: 250 2.0.0 Ok: queued as 0B6E5A2EC3"
2014-11-2 18:42:28=>"send successful email: 1456608804@qq.com   Message sent: 250 2.0.0 Ok: queued as 7137AA2EC5"
2014-11-2 18:42:29=>"send successful email: 1035122936@qq.com   Message sent: 250 2.0.0 Ok: queued as D51DAA2EC7"
2014-11-2 18:42:29=>"send successful email: 723163883@qq.com   Message sent: 250 2.0.0 Ok: queued as 4816BA2EC9"
2014-11-2 18:42:29=>"send successful email: 2209515895@qq.com   Message sent: 250 2.0.0 Ok: queued as AB759A2ECB"
2014-11-2 18:42:30=>"send successful email: 2073374800@qq.com   Message sent: 250 2.0.0 Ok: queued as 1AE52A2ECD"
2014-11-2 18:42:30=>"send successful email: 351153325@qq.com   Message sent: 250 2.0.0 Ok: queued as 7D77FA2ECF"
2014-11-2 18:42:31=>"send successful email: 354974205@qq.com   Message sent: 250 2.0.0 Ok: queued as 14499A2ED1"
2014-11-2 18:42:32=>"send successful email: 1215509206@qq.com   Message sent: 250 2.0.0 Ok: queued as 05272A2ED3"
2014-11-2 18:42:33=>"send successful email: 544902954@qq.com   Message sent: 250 2.0.0 Ok: queued as D1BC6A2ED5"
2014-11-2 18:42:34=>"send successful email: 303820774@qq.com   Message sent: 250 2.0.0 Ok: queued as B7DDEA2ED7"
2014-11-2 18:42:35=>"send successful email: 2480718590@qq.com   Message sent: 250 2.0.0 Ok: queued as 9AC8DA2ED9"
2014-11-2 18:42:35=>"send successful email: 1070456941@qq.com   Message sent: 250 2.0.0 Ok: queued as A8A0BA2EDB"
2014-11-2 18:42:36=>"send successful email: 410024345@qq.com   Message sent: 250 2.0.0 Ok: queued as 18189A2EDD"
2014-11-2 18:42:36=>"send successful email: 573879863@qq.com   Message sent: 250 2.0.0 Ok: queued as 9AC60A2EDF"
2014-11-2 18:42:37=>"send successful email: 2042098170@qq.com   Message sent: 250 2.0.0 Ok: queued as 0FE3DA2EE1"
2014-11-2 18:42:37=>"send successful email: 2242527347@qq.com   Message sent: 250 2.0.0 Ok: queued as 73321A2EE3"
2014-11-2 18:42:38=>"send successful email: 2193976017@qq.com   Message sent: 250 2.0.0 Ok: queued as D5ED3A2EE5"
2014-11-2 18:42:38=>"send successful email: 1135825816@qq.com   Message sent: 250 2.0.0 Ok: queued as 46442A2EE7"
2014-11-2 18:42:38=>"send successful email: 578736719@qq.com   Message sent: 250 2.0.0 Ok: queued as A8A5AA2EE9"
2014-11-2 18:42:39=>"send successful email: 422527613@qq.com   Message sent: 250 2.0.0 Ok: queued as 251A3A2EEB"
2014-11-2 18:42:39=>"send successful email: 875795430@qq.com   Message sent: 250 2.0.0 Ok: queued as 8B5EEA2EED"
2014-11-2 18:42:40=>"send successful email: 657864178@qq.com   Message sent: 250 2.0.0 Ok: queued as F1194A2EEF"
2014-11-2 18:42:40=>"send successful email: 1078634771@qq.com   Message sent: 250 2.0.0 Ok: queued as 6641FA2EF3"
2014-11-2 18:42:41=>"send successful email: 758627196@qq.com   Message sent: 250 2.0.0 Ok: queued as CE600A2EF5"
2014-11-2 18:42:41=>"send successful email: 375014053@qq.com   Message sent: 250 2.0.0 Ok: queued as 3D3EFA2EF7"
2014-11-2 18:42:41=>"send successful email: 124356317@qq.com   Message sent: 250 2.0.0 Ok: queued as A85F1A2EF9"
2014-11-2 18:42:42=>"send successful email: 1162245539@qq.com   Message sent: 250 2.0.0 Ok: queued as 181D9A2EFB"
2014-11-2 18:42:42=>"send successful email: 76918409@qq.com   Message sent: 250 2.0.0 Ok: queued as 7A032A2EFD"
2014-11-2 18:42:43=>"send successful email: 1106143480@qq.com   Message sent: 250 2.0.0 Ok: queued as DE6DEA2EFF"
2014-11-2 18:42:43=>"send successful email: 1346752030@qq.com   Message sent: 250 2.0.0 Ok: queued as 4BA20A2F01"
2014-11-2 18:42:43=>"send successful email: 1217746858@qq.com   Message sent: 250 2.0.0 Ok: queued as AB2E7A2F03"
2014-11-2 18:42:44=>"send successful email: 762495404@qq.com   Message sent: 250 2.0.0 Ok: queued as 19C53A2F05"
2014-11-2 18:42:44=>"send successful email: 929822208@qq.com   Message sent: 250 2.0.0 Ok: queued as 809D9A2F07"
2014-11-2 18:42:45=>"send successful email: 450807059@qq.com   Message sent: 250 2.0.0 Ok: queued as EA5E0A2F09"
2014-11-2 18:42:45=>"send successful email: 1403611801@qq.com   Message sent: 250 2.0.0 Ok: queued as 59BA6A2F0B"
2014-11-2 18:42:46=>"send successful email: 1833953044@qq.com   Message sent: 250 2.0.0 Ok: queued as BEEAFA2F0D"
2014-11-2 18:42:46=>"send successful email: 337682768@qq.com   Message sent: 250 2.0.0 Ok: queued as 3102FA2F0F"
2014-11-2 18:42:46=>"send successful email: 2891945838@qq.com   Message sent: 250 2.0.0 Ok: queued as 95BEDA2F11"
2014-11-2 18:42:47=>"send successful email: 185490875@qq.com   Message sent: 250 2.0.0 Ok: queued as 050C4A2F13"
2014-11-2 18:42:47=>"send successful email: 1753578477@qq.com   Message sent: 250 2.0.0 Ok: queued as 68F89A2F15"
2014-11-2 18:42:48=>"send successful email: 321447451@qq.com   Message sent: 250 2.0.0 Ok: queued as C7D53A2F17"
2014-11-2 18:42:48=>"send successful email: 415507243@qq.com   Message sent: 250 2.0.0 Ok: queued as 39E8EA2F18"
2014-11-2 18:42:48=>"send successful email: 76381028@qq.com   Message sent: 250 2.0.0 Ok: queued as 9FDADA2F1B"
2014-11-2 18:42:49=>"send successful email: 353712035@qq.com   Message sent: 250 2.0.0 Ok: queued as 10CA3A2F1D"
2014-11-2 18:42:49=>"send successful email: 847176491@qq.com   Message sent: 250 2.0.0 Ok: queued as 7B6F4A2F1F"
2014-11-2 18:42:50=>"send successful email: 1292571141@qq.com   Message sent: 250 2.0.0 Ok: queued as E1B1DA2F21"
2014-11-2 18:42:50=>"send successful email: 1359252695@qq.com   Message sent: 250 2.0.0 Ok: queued as 53D22A2F23"
2014-11-2 18:42:51=>"send successful email: 281332214@qq.com   Message sent: 250 2.0.0 Ok: queued as B5DAAA2F25"
2014-11-2 18:42:51=>"send successful email: 455021556@qq.com   Message sent: 250 2.0.0 Ok: queued as 23EF7A2F27"
2014-11-2 18:42:51=>"send successful email: 745081349@qq.com   Message sent: 250 2.0.0 Ok: queued as 8774EA2F29"
2014-11-2 18:42:52=>"send successful email: 50888037@qq.com   Message sent: 250 2.0.0 Ok: queued as EB167A2F2B"
2014-11-2 18:42:52=>"send successful email: 759163136@qq.com   Message sent: 250 2.0.0 Ok: queued as 5D7FBA2F2D"
2014-11-2 18:42:53=>"send successful email: 842815502@qq.com   Message sent: 250 2.0.0 Ok: queued as C5AB7A2F2F"
2014-11-2 18:42:53=>"send successful email: 739291080@qq.com   Message sent: 250 2.0.0 Ok: queued as 35879A2F31"
2014-11-2 18:42:53=>"send successful email: 23429328@qq.com   Message sent: 250 2.0.0 Ok: queued as 9783FA2F33"
2014-11-2 18:42:54=>"send successful email: 1943034056@qq.com   Message sent: 250 2.0.0 Ok: queued as 0420CA2F35"
2014-11-2 18:42:54=>"send successful email: 1452655905@qq.com   Message sent: 250 2.0.0 Ok: queued as 678BCA2F37"
2014-11-2 18:42:55=>"send successful email: 1540708015@qq.com   Message sent: 250 2.0.0 Ok: queued as C9343A2F39"
2014-11-2 18:42:55=>"send successful email: 371863822@qq.com   Message sent: 250 2.0.0 Ok: queued as 3A163A2F3B"
2014-11-2 18:42:55=>"send successful email: 312764039@qq.com   Message sent: 250 2.0.0 Ok: queued as 9C820A2F3D"
2014-11-2 18:42:56=>"send successful email: 840214302@qq.com   Message sent: 250 2.0.0 Ok: queued as 0C208A2F3F"
2014-11-2 18:42:56=>"send successful email: 943637099@qq.com   Message sent: 250 2.0.0 Ok: queued as 72002A2F41"
2014-11-2 18:42:57=>"send successful email: 2396879815@qq.com   Message sent: 250 2.0.0 Ok: queued as D2685A2F43"
2014-11-2 18:42:57=>"send successful email: 932467756@qq.com   Message sent: 250 2.0.0 Ok: queued as 3E55FA2F45"
2014-11-2 18:42:57=>"send successful email: 449643640@qq.com   Message sent: 250 2.0.0 Ok: queued as A3ABDA2F47"
2014-11-2 18:42:58=>"send successful email: 664770993@qq.com   Message sent: 250 2.0.0 Ok: queued as 133A8A2F49"
2014-11-2 18:42:58=>"send successful email: 306381881@qq.com   Message sent: 250 2.0.0 Ok: queued as 77C27A2F4B"
2014-11-2 18:42:59=>"send successful email: 1448459269@qq.com   Message sent: 250 2.0.0 Ok: queued as E17D3A2F4D"
2014-11-2 18:42:59=>"send successful email: 184733098@qq.com   Message sent: 250 2.0.0 Ok: queued as 515A2A2F4F"
2014-11-2 18:43:0=>"send successful email: 2056533558@qq.com   Message sent: 250 2.0.0 Ok: queued as B3F94A2F51"
2014-11-2 18:43:0=>"send successful email: 1900047690@qq.com   Message sent: 250 2.0.0 Ok: queued as 27DDFA2F53"
2014-11-2 18:43:0=>"send successful email: 2012496081@qq.com   Message sent: 250 2.0.0 Ok: queued as 91857A2F55"
2014-11-2 18:43:1=>"send successful email: 2933174575@qq.com   Message sent: 250 2.0.0 Ok: queued as 0702FA2F57"
2014-11-2 18:43:1=>"send successful email: 946632085@qq.com   Message sent: 250 2.0.0 Ok: queued as 6BC9AA2F59"
2014-11-2 18:43:2=>"send successful email: 641064850@qq.com   Message sent: 250 2.0.0 Ok: queued as D1C1EA2F5B"
2014-11-2 18:43:2=>"send successful email: 270101389@qq.com   Message sent: 250 2.0.0 Ok: queued as 4AADFA2F5D"
2014-11-2 18:43:2=>"send successful email: 21760002@qq.com   Message sent: 250 2.0.0 Ok: queued as AB552A2F5F"
2014-11-2 18:43:3=>"send successful email: 1092800950@qq.com   Message sent: 250 2.0.0 Ok: queued as 16F6DA2F61"
2014-11-2 18:43:3=>"send successful email: 601605804@qq.com   Message sent: 250 2.0.0 Ok: queued as 795C8A2F63"
2014-11-2 18:43:4=>"send successful email: 709135851@qq.com   Message sent: 250 2.0.0 Ok: queued as DE263A2F65"
2014-11-2 18:43:4=>"send successful email: 631387490@qq.com   Message sent: 250 2.0.0 Ok: queued as 4CE69A2F67"
2014-11-2 18:43:5=>"send successful email: 576692047@qq.com   Message sent: 250 2.0.0 Ok: queued as B237CA2F69"
2014-11-2 18:43:5=>"send successful email: 2862924622@qq.com   Message sent: 250 2.0.0 Ok: queued as 24EB6A2F6B"
2014-11-2 18:43:5=>"send successful email: 1841482395@qq.com   Message sent: 250 2.0.0 Ok: queued as 8E1EAA2F6D"
2014-11-2 18:43:6=>"send successful email: 746418028@qq.com   Message sent: 250 2.0.0 Ok: queued as 003A8A2F6F"
2014-11-2 18:43:6=>"send successful email: 483492903@qq.com   Message sent: 250 2.0.0 Ok: queued as 62499A2F71"
2014-11-2 18:43:7=>"send successful email: 1598078038@qq.com   Message sent: 250 2.0.0 Ok: queued as C6E07A2F73"
2014-11-2 18:43:7=>"send successful email: 547477467@qq.com   Message sent: 250 2.0.0 Ok: queued as 37AAAA2F75"
2014-11-2 18:43:7=>"send successful email: 1046590675@qq.com   Message sent: 250 2.0.0 Ok: queued as A07E8A2F77"
2014-11-2 18:43:8=>"send successful email: 657024053@qq.com   Message sent: 250 2.0.0 Ok: queued as 0F34EA2F79"
2014-11-2 18:43:8=>"send successful email: 987036188@qq.com   Message sent: 250 2.0.0 Ok: queued as 7401AA2F7B"
2014-11-2 18:43:9=>"send successful email: 1227363518@qq.com   Message sent: 250 2.0.0 Ok: queued as D881EA2F7D"
2014-11-2 18:43:9=>"send successful email: 2478853829@qq.com   Message sent: 250 2.0.0 Ok: queued as 4989AA2F7F"
2014-11-2 18:43:10=>"send successful email: 1004479952@qq.com   Message sent: 250 2.0.0 Ok: queued as B0D5EA2F81"
2014-11-2 18:43:10=>"send successful email: 913592325@qq.com   Message sent: 250 2.0.0 Ok: queued as 2099AA2F83"
2014-11-2 18:43:10=>"send successful email: 1475919714@qq.com   Message sent: 250 2.0.0 Ok: queued as 8736EA2F85"
2014-11-2 18:43:11=>"send successful email: 178175283@qq.com   Message sent: 250 2.0.0 Ok: queued as EB9FDA2F86"
2014-11-2 18:43:11=>"send successful email: 583037499@qq.com   Message sent: 250 2.0.0 Ok: queued as 5D57BA2F88"
2014-11-2 18:43:12=>"send successful email: 306247896@qq.com   Message sent: 250 2.0.0 Ok: queued as C1307A2F8A"
2014-11-2 18:43:12=>"send successful email: 330249531@qq.com   Message sent: 250 2.0.0 Ok: queued as 2DE38A2F8D"
2014-11-2 18:43:12=>"send successful email: 276198195@qq.com   Message sent: 250 2.0.0 Ok: queued as 99334A2F90"
2014-11-2 18:43:13=>"send successful email: 6610656@qq.com   Message sent: 250 2.0.0 Ok: queued as 04ECDA2F92"
2014-11-2 18:43:13=>"send successful email: 2015651292@qq.com   Message sent: 250 2.0.0 Ok: queued as 66D6AA2F94"
2014-11-2 18:43:14=>"send successful email: 673787664@qq.com   Message sent: 250 2.0.0 Ok: queued as CA641A2F96"
2014-11-2 18:43:14=>"send successful email: 952672834@qq.com   Message sent: 250 2.0.0 Ok: queued as 37994A2F98"
2014-11-2 18:43:14=>"send successful email: 2434878830@qq.com   Message sent: 250 2.0.0 Ok: queued as 97619A2F9A"
2014-11-2 18:43:15=>"send successful email: 463552094@qq.com   Message sent: 250 2.0.0 Ok: queued as 029B3A2F9C"
2014-11-2 18:43:15=>"send successful email: 2698179448@qq.com   Message sent: 250 2.0.0 Ok: queued as 5E309A2F9E"
2014-11-2 18:43:16=>"send successful email: 673549638@qq.com   Message sent: 250 2.0.0 Ok: queued as BD91EA2FA0"
2014-11-2 18:43:16=>"send successful email: 969015346@qq.com   Message sent: 250 2.0.0 Ok: queued as 2B897A2FA2"
2014-11-2 18:43:16=>"send successful email: 719596360@qq.com   Message sent: 250 2.0.0 Ok: queued as 8FC22A2FA4"
2014-11-2 18:43:17=>"send successful email: 614605091@qq.com   Message sent: 250 2.0.0 Ok: queued as EFDCAA2FA6"
2014-11-2 18:43:17=>"send successful email: 935424825@qq.com   Message sent: 250 2.0.0 Ok: queued as 56345A2FA8"
2014-11-2 18:43:18=>"send successful email: 619237388@qq.com   Message sent: 250 2.0.0 Ok: queued as B9127A2FAA"
2014-11-2 18:43:18=>"send successful email: 772495973@qq.com   Message sent: 250 2.0.0 Ok: queued as 2BF88A2FAC"
2014-11-2 18:43:18=>"send successful email: 3112654116@qq.com   Message sent: 250 2.0.0 Ok: queued as 8FA9AA2FAE"
2014-11-2 18:43:19=>"send successful email: 463886217@qq.com   Message sent: 250 2.0.0 Ok: queued as F2DAEA2FB0"
2014-11-2 18:43:19=>"send successful email: 346707276@qq.com   Message sent: 250 2.0.0 Ok: queued as 62C52A2FB2"
2014-11-2 18:43:20=>"send successful email: 399151361@qq.com   Message sent: 250 2.0.0 Ok: queued as C6632A2FB4"
2014-11-2 18:43:20=>"send successful email: 649293016@qq.com   Message sent: 250 2.0.0 Ok: queued as 34A4AA2FB6"
2014-11-2 18:43:20=>"send successful email: 1523535240@qq.com   Message sent: 250 2.0.0 Ok: queued as 9821BA2FB8"
2014-11-2 18:43:21=>"send successful email: 348274387@qq.com   Message sent: 250 2.0.0 Ok: queued as 0A9C5A2FBA"
2014-11-2 18:43:21=>"send successful email: 303556099@qq.com   Message sent: 250 2.0.0 Ok: queued as 78568A2FBC"
2014-11-2 18:43:22=>"send successful email: 121743851@qq.com   Message sent: 250 2.0.0 Ok: queued as DCA72A2FBE"
2014-11-2 18:43:22=>"send successful email: 337808071@qq.com   Message sent: 250 2.0.0 Ok: queued as 4D802A2FC0"
2014-11-2 18:43:23=>"send successful email: 1661767264@qq.com   Message sent: 250 2.0.0 Ok: queued as B2017A2FC2"
2014-11-2 18:43:23=>"send successful email: 466236862@qq.com   Message sent: 250 2.0.0 Ok: queued as 2185EA2FC4"
2014-11-2 18:43:23=>"send successful email: 850942776@qq.com   Message sent: 250 2.0.0 Ok: queued as 865F6A2FC6"
2014-11-2 18:43:24=>"send successful email: 279862574@qq.com   Message sent: 250 2.0.0 Ok: queued as EB2F2A2FC8"
2014-11-2 18:43:24=>"send successful email: 2267753598@qq.com   Message sent: 250 2.0.0 Ok: queued as 5A06EA2FCA"
2014-11-2 18:43:25=>"send successful email: 2959726159@qq.com   Message sent: 250 2.0.0 Ok: queued as BF05DA2FCC"
2014-11-2 18:43:25=>"send successful email: 2429864971@qq.com   Message sent: 250 2.0.0 Ok: queued as 2CFCFA2FCE"
2014-11-2 18:43:25=>"send successful email: 283185631@qq.com   Message sent: 250 2.0.0 Ok: queued as 911DAA2FD0"
2014-11-2 18:43:26=>"send successful email: 2741681047@qq.com   Message sent: 250 2.0.0 Ok: queued as 00C0FA2FD2"
2014-11-2 18:43:26=>"send successful email: 861292228@qq.com   Message sent: 250 2.0.0 Ok: queued as 65206A2FD4"
2014-11-2 18:43:27=>"send successful email: 1073860493@qq.com   Message sent: 250 2.0.0 Ok: queued as C76C6A2FD6"
2014-11-2 18:43:27=>"send successful email: 1737713286@qq.com   Message sent: 250 2.0.0 Ok: queued as 36530A2FD8"
2014-11-2 18:43:27=>"send successful email: 2462255631@qq.com   Message sent: 250 2.0.0 Ok: queued as 96C95A2FDA"
2014-11-2 18:43:28=>"send successful email: 1482320217@qq.com   Message sent: 250 2.0.0 Ok: queued as 01122A2FDC"
2014-11-2 18:43:28=>"send successful email: 395275131@qq.com   Message sent: 250 2.0.0 Ok: queued as 616AAA2FDE"
2014-11-2 18:43:29=>"send successful email: 2550221491@qq.com   Message sent: 250 2.0.0 Ok: queued as C062AA2FE0"
2014-11-2 18:43:29=>"send successful email: 841882273@qq.com   Message sent: 250 2.0.0 Ok: queued as 2F85DA2FE2"
2014-11-2 18:43:29=>"send successful email: 1257803170@qq.com   Message sent: 250 2.0.0 Ok: queued as 95F0BA2FE4"
2014-11-2 18:43:30=>"send successful email: 2715201535@qq.com   Message sent: 250 2.0.0 Ok: queued as 06A70A2FE6"
2014-11-2 18:43:30=>"send successful email: 276150651@qq.com   Message sent: 250 2.0.0 Ok: queued as 69C8BA2FE8"
2014-11-2 18:43:31=>"send successful email: 332934598@qq.com   Message sent: 250 2.0.0 Ok: queued as CD2BDA2FEA"
2014-11-2 18:43:31=>"send successful email: 342996303@qq.com   Message sent: 250 2.0.0 Ok: queued as 3BCACA2FEC"
2014-11-2 18:43:31=>"send successful email: 743662019@qq.com   Message sent: 250 2.0.0 Ok: queued as 9D278A2FEE"
2014-11-2 18:43:32=>"send successful email: 2877439184@qq.com   Message sent: 250 2.0.0 Ok: queued as 0C1A0A2FF0"
2014-11-2 18:43:32=>"send successful email: 2569792363@qq.com   Message sent: 250 2.0.0 Ok: queued as 70D85A2FF2"
2014-11-2 18:43:33=>"send successful email: 43500866@qq.com   Message sent: 250 2.0.0 Ok: queued as D4B23A2FF4"
2014-11-2 18:43:33=>"send successful email: 452904546@qq.com   Message sent: 250 2.0.0 Ok: queued as 4230AA2FF6"
2014-11-2 18:43:33=>"send successful email: 249810898@qq.com   Message sent: 250 2.0.0 Ok: queued as A7609A2FF8"
2014-11-2 18:43:34=>"send successful email: 2487014879@qq.com   Message sent: 250 2.0.0 Ok: queued as 1871DA2FFA"
2014-11-2 18:43:34=>"send successful email: 648104561@qq.com   Message sent: 250 2.0.0 Ok: queued as 7BB4EA2FFC"
2014-11-2 18:43:35=>"send successful email: 326751223@qq.com   Message sent: 250 2.0.0 Ok: queued as E31E4A2FFE"
2014-11-2 18:43:35=>"send successful email: 11836028@qq.com   Message sent: 250 2.0.0 Ok: queued as 52D40A3000"
2014-11-2 18:43:36=>"send successful email: 756549490@qq.com   Message sent: 250 2.0.0 Ok: queued as B4463A3002"
2014-11-2 18:43:36=>"send successful email: 1776821452@qq.com   Message sent: 250 2.0.0 Ok: queued as 21447A3004"
2014-11-2 18:43:36=>"send successful email: 307118473@qq.com   Message sent: 250 2.0.0 Ok: queued as 86D6AA3006"
2014-11-2 18:43:37=>"send successful email: 2111687680@qq.com   Message sent: 250 2.0.0 Ok: queued as EBA1EA3008"
2014-11-2 18:43:37=>"send successful email: 863301297@qq.com   Message sent: 250 2.0.0 Ok: queued as 60AAFA300A"
2014-11-2 18:43:38=>"send successful email: 503963472@qq.com   Message sent: 250 2.0.0 Ok: queued as C5662A300C"
2014-11-2 18:43:38=>"all email send success"
